19-06-2024 19:08:12 INFO  Main:55: 0001-BXG(28/77L)(nieve) es creado en el parking
19-06-2024 19:08:15 INFO  Main:55: 0002-JQM(30/99L)(lluvia) es creado en el parking
19-06-2024 19:08:17 INFO  Main:55: 0003-VYW(39/90L)(nieve) es creado en el parking
19-06-2024 19:08:18 INFO  Main:55: 0004-KVB(29/126L)(nieve) es creado en el parking
19-06-2024 19:08:20 INFO  Main:55: 0005-FQC(47/126L)(nieve) es creado en el parking
19-06-2024 19:08:22 INFO  Main:55: 0006-LBR(47/82L)(lluvia) es creado en el parking
19-06-2024 19:08:23 INFO  Main:55: 0007-CDB(33/80L)(nieve) es creado en el parking
19-06-2024 19:08:25 INFO  Main:55: 0008-CRR(32/77L)(nieve) es creado en el parking
19-06-2024 19:08:26 INFO  Main:55: 0009-WGQ(42/82L)(soleado) es creado en el parking
19-06-2024 19:08:28 INFO  Main:55: 0010-PQT(44/104L)(lluvia) es creado en el parking
19-06-2024 19:08:30 INFO  Main:55: 0011-BBC(42/98L)(soleado) es creado en el parking
19-06-2024 19:08:31 INFO  Main:55: 0012-ZRG(39/98L)(lluvia) es creado en el parking
19-06-2024 19:08:33 INFO  Main:55: 0013-DPH(37/121L)(soleado) es creado en el parking
19-06-2024 19:08:36 INFO  Main:55: 0014-PLJ(31/127L)(nieve) es creado en el parking
19-06-2024 19:08:37 INFO  Main:55: 0015-CBZ(36/108L)(nieve) es creado en el parking
19-06-2024 19:08:39 INFO  Main:55: 0016-MYN(47/97L)(lluvia) es creado en el parking
19-06-2024 19:08:40 INFO  Main:55: 0017-GSX(38/101L)(lluvia) es creado en el parking
19-06-2024 19:08:42 INFO  Main:55: 0018-SKL(31/108L)(nieve) es creado en el parking
19-06-2024 19:08:45 INFO  Main:55: 0019-MPW(41/90L)(soleado) es creado en el parking
19-06-2024 19:08:47 INFO  Main:55: 0020-DWC(47/92L)(lluvia) es creado en el parking
19-06-2024 19:08:48 INFO  Main:55: 0021-SKZ(36/106L)(lluvia) es creado en el parking
19-06-2024 19:08:51 INFO  Main:55: 0022-GYX(28/123L)(lluvia) es creado en el parking
19-06-2024 19:08:52 INFO  Main:55: 0023-LZP(48/84L)(soleado) es creado en el parking
19-06-2024 19:08:55 INFO  Main:55: 0024-SFQ(27/121L)(lluvia) es creado en el parking
19-06-2024 19:08:56 INFO  Main:55: 0025-QSN(25/82L)(nieve) es creado en el parking
19-06-2024 19:08:57 INFO  Main:55: 0026-KKF(46/82L)(nieve) es creado en el parking
19-06-2024 19:09:00 INFO  Main:55: 0001-HKL(41/99L)(nieve) es creado en el parking
19-06-2024 19:09:00 INFO  Main:55: 0027-BKZ(45/106L)(nieve) es creado en el parking
19-06-2024 19:09:02 INFO  Main:55: 0028-HPM(48/107L)(lluvia) es creado en el parking
19-06-2024 19:09:03 INFO  Main:55: 0002-ZMR(32/125L)(lluvia) es creado en el parking
19-06-2024 19:09:05 INFO  Main:55: 0029-FXZ(46/89L)(nieve) es creado en el parking
19-06-2024 19:09:06 INFO  Main:55: 0030-LXX(30/98L)(lluvia) es creado en el parking
19-06-2024 19:09:09 INFO  Main:55: 0031-LVB(30/102L)(lluvia) es creado en el parking
19-06-2024 19:09:11 INFO  Main:55: 0032-PYK(34/129L)(soleado) es creado en el parking
19-06-2024 19:09:12 INFO  Main:55: 0033-HKZ(35/76L)(soleado) es creado en el parking
19-06-2024 19:09:13 INFO  Main:55: 0034-FBN(45/94L)(lluvia) es creado en el parking
19-06-2024 19:09:16 INFO  Main:55: 0035-HXC(27/114L)(lluvia) es creado en el parking
19-06-2024 19:09:19 INFO  Main:55: 0036-TRC(35/97L)(nieve) es creado en el parking
19-06-2024 19:09:22 INFO  Main:55: 0037-RCG(46/102L)(lluvia) es creado en el parking
19-06-2024 19:09:24 INFO  Main:55: 0038-NZC(32/114L)(lluvia) es creado en el parking
19-06-2024 19:09:27 INFO  Main:55: 0039-XBJ(37/97L)(soleado) es creado en el parking
19-06-2024 19:09:30 INFO  Main:55: 0040-KQK(29/91L)(soleado) es creado en el parking
19-06-2024 19:09:31 INFO  Main:55: 0041-PGT(36/80L)(soleado) es creado en el parking
19-06-2024 19:09:33 INFO  Main:55: 0042-GFV(48/115L)(soleado) es creado en el parking
19-06-2024 19:09:36 INFO  Main:55: 0043-FDP(30/124L)(nieve) es creado en el parking
19-06-2024 19:09:39 INFO  Main:55: 0044-ZBV(32/101L)(lluvia) es creado en el parking
19-06-2024 19:09:42 INFO  Main:55: 0045-ZYQ(25/107L)(lluvia) es creado en el parking
19-06-2024 19:09:43 INFO  Main:55: 0046-JFL(44/127L)(lluvia) es creado en el parking
19-06-2024 19:09:45 INFO  Main:55: 0047-VYC(43/113L)(soleado) es creado en el parking
19-06-2024 19:09:48 INFO  Main:55: 0048-JHB(40/120L)(lluvia) es creado en el parking
19-06-2024 19:09:50 INFO  Main:55: 0049-LPS(25/99L)(soleado) es creado en el parking
19-06-2024 19:09:54 INFO  Main:55: 0050-SLR(32/104L)(soleado) es creado en el parking
19-06-2024 19:09:55 INFO  Main:55: 0051-SKL(27/83L)(lluvia) es creado en el parking
19-06-2024 19:09:56 INFO  Main:55: 0001-LNG(37/115L)(nieve) es creado en el parking
19-06-2024 19:09:57 INFO  Main:55: 0002-XFM(37/127L)(lluvia) es creado en el parking
19-06-2024 19:09:58 INFO  Main:55: 0052-JMN(32/116L)(lluvia) es creado en el parking
19-06-2024 19:09:59 INFO  Main:55: 0053-XMK(35/110L)(nieve) es creado en el parking
19-06-2024 19:09:59 INFO  Main:55: 0003-NZV(34/127L)(soleado) es creado en el parking
19-06-2024 19:10:00 INFO  Main:55: 0004-GGZ(27/79L)(lluvia) es creado en el parking
19-06-2024 19:10:01 INFO  Main:55: 0054-SKZ(48/102L)(nieve) es creado en el parking
19-06-2024 19:10:02 INFO  Main:55: 0005-HNN(31/123L)(soleado) es creado en el parking
19-06-2024 19:10:04 INFO  Main:55: 0055-YWJ(32/90L)(lluvia) es creado en el parking
19-06-2024 19:10:07 INFO  Main:55: 0056-STC(36/82L)(lluvia) es creado en el parking
19-06-2024 19:10:09 INFO  Main:55: 0057-NJC(31/104L)(nieve) es creado en el parking
19-06-2024 19:10:12 INFO  Main:55: 0058-KGC(34/128L)(soleado) es creado en el parking
19-06-2024 19:10:14 INFO  Main:55: 0059-BLB(48/100L)(nieve) es creado en el parking
19-06-2024 19:10:17 INFO  Main:55: 0060-FFX(33/113L)(nieve) es creado en el parking
19-06-2024 19:10:18 INFO  Main:55: 0061-DDR(38/119L)(lluvia) es creado en el parking
19-06-2024 19:10:19 INFO  Main:55: 0062-XCQ(34/128L)(soleado) es creado en el parking
19-06-2024 19:10:20 INFO  Main:55: 0063-XGX(31/86L)(nieve) es creado en el parking
19-06-2024 19:10:22 INFO  Main:55: 0064-TFH(47/85L)(nieve) es creado en el parking
19-06-2024 19:10:24 INFO  Main:55: 0065-DZV(28/95L)(nieve) es creado en el parking
19-06-2024 19:10:25 INFO  Main:55: 0066-CCP(46/126L)(lluvia) es creado en el parking
19-06-2024 19:10:28 INFO  Main:55: 0067-YJB(33/111L)(soleado) es creado en el parking
19-06-2024 19:10:31 INFO  Main:55: 0068-YLH(36/88L)(nieve) es creado en el parking
19-06-2024 19:10:34 INFO  Main:55: 0069-HFS(42/115L)(lluvia) es creado en el parking
19-06-2024 19:10:36 INFO  Main:55: 0070-YBV(30/76L)(nieve) es creado en el parking
19-06-2024 19:10:39 INFO  Main:55: 0071-HWF(33/97L)(nieve) es creado en el parking
19-06-2024 19:10:42 INFO  Main:55: 0072-DFP(43/98L)(lluvia) es creado en el parking
19-06-2024 19:10:45 INFO  Main:55: 0073-TXC(27/117L)(soleado) es creado en el parking
19-06-2024 19:10:48 INFO  Main:55: 0074-PXG(46/89L)(lluvia) es creado en el parking
19-06-2024 19:10:50 INFO  Main:55: 0075-LTT(45/121L)(nieve) es creado en el parking
19-06-2024 19:10:53 INFO  Main:55: 0076-HFL(40/109L)(lluvia) es creado en el parking
19-06-2024 19:10:56 INFO  Main:55: 0077-XPV(29/100L)(soleado) es creado en el parking
19-06-2024 19:10:57 INFO  Main:55: 0078-RKC(32/122L)(lluvia) es creado en el parking
19-06-2024 19:11:00 INFO  Main:55: 0079-LKD(45/79L)(nieve) es creado en el parking
19-06-2024 19:11:02 INFO  Main:55: 0080-WHQ(28/102L)(lluvia) es creado en el parking
19-06-2024 20:57:28 INFO  Main:146: 0001-JTM(49/111L)(nieve) es creado en el parking
19-06-2024 20:57:30 INFO  Main:146: 0002-RMS(25/98L)(nieve) es creado en el parking
19-06-2024 20:57:31 INFO  Main:146: 0003-FPF(31/105L)(lluvia) es creado en el parking
19-06-2024 20:57:32 INFO  Main:146: 0004-JVW(39/95L)(soleado) es creado en el parking
19-06-2024 20:57:35 INFO  Main:146: 0005-GDV(30/110L)(nieve) es creado en el parking
19-06-2024 20:57:36 INFO  Main:146: 0006-GLW(45/90L)(nieve) es creado en el parking
19-06-2024 20:57:37 INFO  Main:146: 0007-YST(32/120L)(nieve) es creado en el parking
19-06-2024 20:57:40 INFO  Main:146: 0008-RYZ(43/106L)(nieve) es creado en el parking
19-06-2024 20:57:50 INFO  Main:146: 0001-PFT(42/89L)(nieve) es creado en el parking
19-06-2024 20:57:51 INFO  Main:146: 0002-SFZ(48/95L)(lluvia) es creado en el parking
19-06-2024 21:00:06 INFO  Main:146: 0001-GYD(37/100L)(nieve) es creado en el parking
19-06-2024 21:00:08 INFO  Main:146: 0002-MZQ(49/108L)(nieve) es creado en el parking
19-06-2024 21:00:11 INFO  Main:146: 0003-JTF(28/87L)(nieve) es creado en el parking
19-06-2024 21:00:14 INFO  Main:146: 0004-HJJ(42/87L)(nieve) es creado en el parking
19-06-2024 21:00:16 INFO  Main:146: 0005-FKQ(47/119L)(nieve) es creado en el parking
19-06-2024 21:00:18 INFO  Main:146: 0006-RPY(28/107L)(soleado) es creado en el parking
19-06-2024 21:00:20 INFO  Main:146: 0007-NLM(28/91L)(soleado) es creado en el parking
19-06-2024 21:00:23 INFO  Main:146: 0008-CDL(46/86L)(soleado) es creado en el parking
19-06-2024 21:00:24 INFO  Main:146: 0009-WFB(46/116L)(lluvia) es creado en el parking
19-06-2024 21:00:27 INFO  Main:146: 0010-QDQ(32/122L)(soleado) es creado en el parking
19-06-2024 21:00:29 INFO  Main:146: 0011-DMX(45/104L)(lluvia) es creado en el parking
19-06-2024 21:00:31 INFO  Main:146: 0012-NXC(35/106L)(nieve) es creado en el parking
19-06-2024 21:00:34 INFO  Main:146: 0013-CQM(40/112L)(lluvia) es creado en el parking
19-06-2024 21:00:36 INFO  Main:146: 0014-HQN(36/81L)(soleado) es creado en el parking
19-06-2024 21:00:38 INFO  Main:146: 0015-XSH(32/119L)(soleado) es creado en el parking
19-06-2024 21:00:39 INFO  Main:146: 0016-QRR(40/128L)(nieve) es creado en el parking
19-06-2024 21:00:41 INFO  Main:146: 0017-CHK(27/106L)(lluvia) es creado en el parking
19-06-2024 21:00:42 INFO  Main:146: 0018-DPN(29/118L)(lluvia) es creado en el parking
19-06-2024 21:00:44 INFO  Main:146: 0019-VTQ(27/94L)(soleado) es creado en el parking
19-06-2024 21:02:03 INFO  Main:144: 0001-LLD(44/107L)(soleado) es creado en el parking
19-06-2024 21:02:04 INFO  Main:144: 0002-DDN(37/129L)(soleado) es creado en el parking
19-06-2024 21:02:07 INFO  Main:144: 0003-WXT(42/90L)(soleado) es creado en el parking
19-06-2024 21:02:09 INFO  Main:144: 0004-YTC(26/82L)(lluvia) es creado en el parking
19-06-2024 21:02:42 INFO  Main:144: 0001-DQF(46/99L)(nieve) es creado en el parking
19-06-2024 21:02:43 INFO  Main:144: 0002-HSP(46/126L)(lluvia) es creado en el parking
19-06-2024 21:02:46 INFO  Main:144: 0003-TVH(37/108L)(soleado) es creado en el parking
19-06-2024 21:02:49 INFO  Main:144: 0004-SCD(41/128L)(lluvia) es creado en el parking
19-06-2024 21:02:52 INFO  Main:144: 0005-VVZ(37/87L)(nieve) es creado en el parking
19-06-2024 21:02:53 INFO  Main:144: 0006-DYK(38/81L)(lluvia) es creado en el parking
19-06-2024 21:02:54 INFO  Main:144: 0007-DRJ(45/98L)(nieve) es creado en el parking
19-06-2024 21:02:55 INFO  Main:144: 0008-JRD(28/116L)(soleado) es creado en el parking
19-06-2024 21:02:58 INFO  Main:144: 0009-JYK(49/119L)(nieve) es creado en el parking
19-06-2024 21:03:01 INFO  Main:144: 0010-TQS(27/88L)(lluvia) es creado en el parking
19-06-2024 21:03:03 INFO  Main:144: 0011-MXF(49/86L)(lluvia) es creado en el parking
19-06-2024 21:03:04 INFO  Main:144: 0012-BQM(42/83L)(soleado) es creado en el parking
19-06-2024 21:03:05 INFO  Main:144: 0013-NCX(37/105L)(lluvia) es creado en el parking
19-06-2024 21:03:08 INFO  Main:144: 0014-VRP(34/85L)(nieve) es creado en el parking
19-06-2024 21:03:11 INFO  Main:144: 0015-BHQ(34/76L)(nieve) es creado en el parking
19-06-2024 21:03:12 INFO  Main:144: 0016-VZF(29/114L)(soleado) es creado en el parking
19-06-2024 21:03:15 INFO  Main:144: 0017-MDK(40/96L)(soleado) es creado en el parking
19-06-2024 21:03:18 INFO  Main:144: 0018-RBW(39/118L)(lluvia) es creado en el parking
19-06-2024 21:03:19 INFO  Main:144: 0019-VBV(31/99L)(nieve) es creado en el parking
19-06-2024 21:03:20 INFO  Main:144: 0020-HTQ(47/117L)(lluvia) es creado en el parking
19-06-2024 21:03:21 INFO  Main:144: 0021-HWF(26/95L)(soleado) es creado en el parking
19-06-2024 21:03:22 INFO  Main:144: 0022-LGY(33/126L)(soleado) es creado en el parking
19-06-2024 21:03:25 INFO  Main:144: 0023-NTY(46/103L)(nieve) es creado en el parking
19-06-2024 21:03:26 INFO  Main:144: 0024-RBG(41/106L)(soleado) es creado en el parking
19-06-2024 21:03:27 INFO  Main:144: 0025-WGS(42/109L)(nieve) es creado en el parking
19-06-2024 21:03:28 INFO  Main:144: 0026-JVW(32/118L)(lluvia) es creado en el parking
19-06-2024 21:03:29 INFO  Main:144: 0027-DFF(36/78L)(soleado) es creado en el parking
19-06-2024 21:03:31 INFO  Main:144: 0028-TFH(49/85L)(soleado) es creado en el parking
19-06-2024 21:03:34 INFO  Main:144: 0029-QGH(25/84L)(lluvia) es creado en el parking
19-06-2024 21:03:37 INFO  Main:144: 0030-SZR(27/89L)(soleado) es creado en el parking
19-06-2024 21:03:39 INFO  Main:144: 0031-VPH(29/114L)(lluvia) es creado en el parking
19-06-2024 21:03:42 INFO  Main:144: 0032-SRZ(36/80L)(soleado) es creado en el parking
19-06-2024 21:03:43 INFO  Main:144: 0033-CDG(36/96L)(lluvia) es creado en el parking
19-06-2024 21:04:17 INFO  Main:144: 0001-WND(37/103L)(soleado) es creado en el parking
19-06-2024 21:04:20 INFO  Main:144: 0002-CBY(44/122L)(soleado) es creado en el parking
19-06-2024 21:04:21 INFO  Main:144: 0003-GWX(47/119L)(lluvia) es creado en el parking
19-06-2024 21:04:24 INFO  Main:144: 0004-TXC(34/128L)(soleado) es creado en el parking
19-06-2024 21:04:25 INFO  Main:144: 0005-LTV(40/93L)(soleado) es creado en el parking
19-06-2024 21:04:26 INFO  Main:144: 0006-CQH(35/106L)(soleado) es creado en el parking
19-06-2024 21:04:27 INFO  Main:144: 0007-LJS(39/126L)(nieve) es creado en el parking
19-06-2024 21:04:30 INFO  Main:144: 0008-JVX(36/96L)(nieve) es creado en el parking
19-06-2024 21:04:31 INFO  Main:144: 0009-HQM(38/128L)(soleado) es creado en el parking
19-06-2024 21:04:34 INFO  Main:144: 0010-RNF(37/76L)(nieve) es creado en el parking
19-06-2024 21:04:36 INFO  Main:144: 0011-PYD(34/127L)(soleado) es creado en el parking
19-06-2024 21:04:39 INFO  Main:144: 0012-YGR(39/119L)(lluvia) es creado en el parking
19-06-2024 21:04:42 INFO  Main:144: 0013-VXX(38/90L)(lluvia) es creado en el parking
19-06-2024 21:04:45 INFO  Main:144: 0014-CRF(44/88L)(nieve) es creado en el parking
19-06-2024 21:04:48 INFO  Main:144: 0015-CNB(32/110L)(lluvia) es creado en el parking
19-06-2024 21:04:51 INFO  Main:144: 0016-WMK(46/85L)(nieve) es creado en el parking
19-06-2024 21:04:52 INFO  Main:144: 0017-ZJJ(46/127L)(lluvia) es creado en el parking
19-06-2024 21:04:55 INFO  Main:144: 0018-NRN(28/119L)(lluvia) es creado en el parking
19-06-2024 21:04:56 INFO  Main:144: 0019-HWQ(47/93L)(nieve) es creado en el parking
19-06-2024 21:04:59 INFO  Main:144: 0020-JWF(29/95L)(soleado) es creado en el parking
19-06-2024 21:05:01 INFO  Main:144: 0021-LHZ(28/87L)(nieve) es creado en el parking
19-06-2024 21:05:02 INFO  Main:144: 0022-FKR(34/122L)(soleado) es creado en el parking
19-06-2024 21:05:05 INFO  Main:144: 0023-BZX(35/82L)(nieve) es creado en el parking
19-06-2024 21:05:08 INFO  Main:144: 0024-VXH(25/114L)(soleado) es creado en el parking
19-06-2024 21:05:11 INFO  Main:144: 0025-QLF(47/128L)(nieve) es creado en el parking
19-06-2024 21:05:12 INFO  Main:144: 0026-YXT(35/78L)(soleado) es creado en el parking
19-06-2024 21:05:15 INFO  Main:144: 0027-PLF(30/76L)(lluvia) es creado en el parking
19-06-2024 21:05:17 INFO  Main:144: 0028-DYY(40/92L)(nieve) es creado en el parking
19-06-2024 21:05:20 INFO  Main:144: 0029-MTZ(37/91L)(soleado) es creado en el parking
19-06-2024 21:05:22 INFO  Main:144: 0030-NMQ(40/89L)(lluvia) es creado en el parking
19-06-2024 21:05:23 INFO  Main:144: 0031-CCB(37/76L)(soleado) es creado en el parking
19-06-2024 21:05:26 INFO  Main:144: 0032-VZJ(32/94L)(lluvia) es creado en el parking
19-06-2024 21:05:27 INFO  Main:144: 0033-KCL(47/105L)(soleado) es creado en el parking
19-06-2024 21:05:29 INFO  Main:144: 0034-JBC(32/127L)(nieve) es creado en el parking
19-06-2024 21:05:32 INFO  Main:144: 0035-QDQ(34/115L)(nieve) es creado en el parking
19-06-2024 21:05:34 INFO  Main:144: 0036-BWP(39/122L)(nieve) es creado en el parking
19-06-2024 21:05:35 INFO  Main:144: 0037-MGJ(31/115L)(nieve) es creado en el parking
19-06-2024 21:05:38 INFO  Main:144: 0038-TPF(43/81L)(soleado) es creado en el parking
19-06-2024 21:05:41 INFO  Main:144: 0039-YNT(49/117L)(lluvia) es creado en el parking
19-06-2024 21:05:43 INFO  Main:144: 0040-GNT(34/115L)(nieve) es creado en el parking
19-06-2024 21:05:44 INFO  Main:144: 0041-YXZ(46/82L)(nieve) es creado en el parking
19-06-2024 21:05:46 INFO  Main:144: 0042-FGV(46/84L)(lluvia) es creado en el parking
19-06-2024 21:05:47 INFO  Main:144: 0043-LKN(33/88L)(nieve) es creado en el parking
19-06-2024 21:05:50 INFO  Main:144: 0044-QKK(43/127L)(soleado) es creado en el parking
19-06-2024 21:05:53 INFO  Main:144: 0045-BZY(30/118L)(lluvia) es creado en el parking
19-06-2024 21:05:54 INFO  Main:144: 0046-TSB(31/93L)(lluvia) es creado en el parking
19-06-2024 21:05:56 INFO  Main:144: 0047-LDK(36/127L)(nieve) es creado en el parking
19-06-2024 21:05:57 INFO  Main:144: 0048-KVW(44/80L)(lluvia) es creado en el parking
19-06-2024 21:05:59 INFO  Main:144: 0049-KVN(45/86L)(lluvia) es creado en el parking
19-06-2024 21:06:02 INFO  Main:144: 0050-MDX(36/124L)(lluvia) es creado en el parking
19-06-2024 21:06:05 INFO  Main:144: 0051-JVR(46/84L)(nieve) es creado en el parking
19-06-2024 21:06:08 INFO  Main:144: 0052-MYF(45/96L)(lluvia) es creado en el parking
19-06-2024 21:30:44 INFO  Main:119: 0001-VSP(29/86L)(lluvia) es creado en el parking
19-06-2024 21:30:45 INFO  Main:119: 0002-DWF(29/83L)(lluvia) es creado en el parking
19-06-2024 21:30:47 INFO  Main:119: 0003-BWN(27/95L)(nieve) es creado en el parking
19-06-2024 21:30:50 INFO  Main:119: 0004-XTX(42/76L)(soleado) es creado en el parking
19-06-2024 22:09:34 INFO  Main:156: 0001-NWQ(34/124L)(soleado) es creado en el parking
19-06-2024 22:09:35 INFO  Main:156: 0002-QJK(48/80L)(lluvia) es creado en el parking
19-06-2024 22:09:37 INFO  Main:156: 0003-TJX(49/115L)(lluvia) es creado en el parking
19-06-2024 22:09:38 INFO  Main:156: 0004-SYS(38/126L)(nieve) es creado en el parking
19-06-2024 22:09:41 INFO  Main:156: 0005-FDJ(31/76L)(lluvia) es creado en el parking
19-06-2024 22:09:43 INFO  Main:156: 0006-BJS(36/115L)(lluvia) es creado en el parking
19-06-2024 22:09:45 INFO  Main:156: 0007-BTR(33/129L)(soleado) es creado en el parking
19-06-2024 22:09:46 INFO  Main:156: 0008-CZQ(43/128L)(lluvia) es creado en el parking
19-06-2024 22:09:47 INFO  Main:156: 0009-WYT(39/81L)(lluvia) es creado en el parking
19-06-2024 22:09:50 INFO  Main:156: 0010-ZCZ(48/81L)(nieve) es creado en el parking
19-06-2024 22:09:51 INFO  Main:156: 0011-QXN(38/127L)(lluvia) es creado en el parking
19-06-2024 22:11:07 INFO  Main:156: 0001-PSH(45/120L)(soleado) es creado en el parking
19-06-2024 22:11:09 INFO  Main:156: 0002-YHT(32/87L)(nieve) es creado en el parking
19-06-2024 22:11:12 INFO  Main:156: 0003-YTC(40/77L)(nieve) es creado en el parking
19-06-2024 22:11:15 INFO  Main:156: 0004-KSR(43/87L)(nieve) es creado en el parking
19-06-2024 22:11:16 INFO  Main:156: 0005-RBK(32/118L)(soleado) es creado en el parking
19-06-2024 22:11:18 INFO  Main:156: 0006-VXM(27/94L)(lluvia) es creado en el parking
19-06-2024 22:11:21 INFO  Main:156: 0007-KRV(45/83L)(lluvia) es creado en el parking
19-06-2024 22:11:22 INFO  Main:156: 0008-NCM(40/120L)(nieve) es creado en el parking
19-06-2024 22:11:24 INFO  Main:156: 0009-RGM(26/112L)(lluvia) es creado en el parking
19-06-2024 22:11:25 INFO  Main:156: 0010-CFJ(30/77L)(nieve) es creado en el parking
19-06-2024 22:11:26 INFO  Main:156: 0011-DBW(47/104L)(lluvia) es creado en el parking
19-06-2024 22:11:29 INFO  Main:156: 0012-MBD(45/104L)(lluvia) es creado en el parking
19-06-2024 22:11:30 INFO  Main:156: 0013-XJY(39/117L)(nieve) es creado en el parking
19-06-2024 22:11:33 INFO  Main:156: 0014-RMC(46/128L)(soleado) es creado en el parking
19-06-2024 22:11:34 INFO  Main:156: 0015-GNK(39/103L)(nieve) es creado en el parking
19-06-2024 22:13:14 INFO  Main:156: 0001-KYQ(32/91L)(soleado) es creado en el parking
19-06-2024 22:13:16 INFO  Main:156: 0002-KBV(37/102L)(soleado) es creado en el parking
19-06-2024 22:13:17 INFO  Main:156: 0003-BJT(39/110L)(lluvia) es creado en el parking
19-06-2024 22:13:20 INFO  Main:156: 0004-TRB(38/106L)(nieve) es creado en el parking
19-06-2024 22:13:23 INFO  Main:156: 0005-DSH(33/128L)(soleado) es creado en el parking
19-06-2024 22:13:26 INFO  Main:156: 0006-MYS(34/96L)(lluvia) es creado en el parking
19-06-2024 22:13:28 INFO  Main:156: 0007-GLR(38/105L)(nieve) es creado en el parking
19-06-2024 22:13:30 INFO  Main:156: 0008-JPM(39/126L)(soleado) es creado en el parking
19-06-2024 22:13:32 INFO  Main:156: 0009-KXP(36/120L)(lluvia) es creado en el parking
19-06-2024 22:15:06 INFO  Main:156: 0001-XSR(45/107L)(lluvia) es creado en el parking
19-06-2024 22:15:07 INFO  Main:156: 0002-YTW(45/116L)(nieve) es creado en el parking
19-06-2024 22:15:09 INFO  Main:156: 0003-FMC(48/75L)(nieve) es creado en el parking
19-06-2024 22:15:12 INFO  Main:156: 0004-NKB(32/114L)(nieve) es creado en el parking
19-06-2024 22:15:15 INFO  Main:156: 0005-JJM(31/126L)(nieve) es creado en el parking
19-06-2024 22:15:16 INFO  Main:156: 0006-NYR(28/108L)(nieve) es creado en el parking
19-06-2024 22:15:18 INFO  Main:156: 0007-LJR(45/122L)(nieve) es creado en el parking
19-06-2024 22:15:20 INFO  Main:156: 0008-RXV(42/89L)(soleado) es creado en el parking
19-06-2024 22:15:22 INFO  Main:156: 0009-GRX(39/117L)(lluvia) es creado en el parking
19-06-2024 22:15:24 INFO  Main:156: 0010-SGJ(33/111L)(lluvia) es creado en el parking
19-06-2024 22:15:46 INFO  Main:156: 0011-CHH(32/125L)(lluvia) es creado en el parking
19-06-2024 22:15:47 INFO  Main:156: 0012-KSB(39/78L)(nieve) es creado en el parking
19-06-2024 22:15:49 INFO  Main:156: 0013-DGH(25/89L)(soleado) es creado en el parking
19-06-2024 22:15:51 INFO  Main:156: 0014-YGJ(28/103L)(soleado) es creado en el parking
19-06-2024 22:15:52 INFO  Main:156: 0015-PPP(36/88L)(soleado) es creado en el parking
19-06-2024 22:15:55 INFO  Main:156: 0016-NRC(36/128L)(lluvia) es creado en el parking
19-06-2024 22:15:56 INFO  Main:156: 0017-XJJ(30/128L)(lluvia) es creado en el parking
19-06-2024 22:15:57 INFO  Main:156: 0018-NMZ(44/83L)(lluvia) es creado en el parking
19-06-2024 22:15:59 INFO  Main:156: 0019-FQD(28/122L)(soleado) es creado en el parking
19-06-2024 22:16:00 INFO  Main:156: 0020-BQQ(26/93L)(nieve) es creado en el parking
19-06-2024 22:16:02 INFO  Main:156: 0021-RLZ(31/88L)(soleado) es creado en el parking
19-06-2024 22:16:04 INFO  Main:156: 0022-TDJ(25/111L)(nieve) es creado en el parking
19-06-2024 22:16:07 INFO  Main:156: 0023-CPG(39/118L)(soleado) es creado en el parking
19-06-2024 22:16:09 INFO  Main:156: 0024-RNF(46/102L)(nieve) es creado en el parking
19-06-2024 22:16:12 INFO  Main:156: 0025-NWB(38/94L)(soleado) es creado en el parking
19-06-2024 22:16:15 INFO  Main:156: 0026-YYG(36/114L)(lluvia) es creado en el parking
19-06-2024 22:16:16 INFO  Main:156: 0027-ZMJ(28/106L)(lluvia) es creado en el parking
19-06-2024 22:16:18 INFO  Main:156: 0028-RZL(36/119L)(lluvia) es creado en el parking
19-06-2024 22:16:20 INFO  Main:156: 0029-FXJ(44/96L)(lluvia) es creado en el parking
19-06-2024 22:16:23 INFO  Main:156: 0030-DVV(27/115L)(lluvia) es creado en el parking
19-06-2024 22:16:25 INFO  Main:156: 0031-XFM(25/76L)(lluvia) es creado en el parking
19-06-2024 22:16:28 INFO  Main:156: 0032-ZVM(48/128L)(soleado) es creado en el parking
19-06-2024 22:16:31 INFO  Main:156: 0033-RPL(43/76L)(nieve) es creado en el parking
19-06-2024 22:16:32 INFO  Main:156: 0034-WYF(26/90L)(soleado) es creado en el parking
19-06-2024 22:16:34 INFO  Main:156: 0035-FQZ(45/87L)(nieve) es creado en el parking
19-06-2024 22:16:35 INFO  Main:156: 0036-LRP(45/80L)(soleado) es creado en el parking
19-06-2024 22:16:37 INFO  Main:156: 0037-GCC(47/110L)(nieve) es creado en el parking
19-06-2024 22:16:40 INFO  Main:156: 0038-LFK(40/111L)(nieve) es creado en el parking
19-06-2024 22:16:42 INFO  Main:156: 0039-MND(37/89L)(soleado) es creado en el parking
19-06-2024 22:16:43 INFO  Main:156: 0040-XXW(43/108L)(soleado) es creado en el parking
19-06-2024 22:16:44 INFO  Main:156: 0041-PSY(42/104L)(lluvia) es creado en el parking
19-06-2024 22:16:45 INFO  Main:156: 0042-DYZ(49/120L)(soleado) es creado en el parking
19-06-2024 22:16:46 INFO  Main:156: 0043-QGR(48/114L)(soleado) es creado en el parking
19-06-2024 22:16:49 INFO  Main:156: 0044-HSS(33/83L)(lluvia) es creado en el parking
19-06-2024 22:16:51 INFO  Main:156: 0045-PSB(37/78L)(lluvia) es creado en el parking
19-06-2024 22:16:52 INFO  Main:156: 0046-GHP(30/90L)(lluvia) es creado en el parking
19-06-2024 22:16:55 INFO  Main:156: 0047-YLQ(35/109L)(soleado) es creado en el parking
19-06-2024 22:16:57 INFO  Main:156: 0048-SSY(40/129L)(soleado) es creado en el parking
19-06-2024 22:16:58 INFO  Main:156: 0049-CBZ(43/105L)(nieve) es creado en el parking
19-06-2024 22:16:59 INFO  Main:156: 0050-TSX(41/83L)(nieve) es creado en el parking
19-06-2024 22:17:01 INFO  Main:156: 0051-LDN(47/122L)(nieve) es creado en el parking
19-06-2024 22:17:04 INFO  Main:156: 0052-DCW(34/85L)(soleado) es creado en el parking
19-06-2024 22:17:06 INFO  Main:156: 0053-PKQ(47/118L)(nieve) es creado en el parking
19-06-2024 22:17:08 INFO  Main:156: 0054-RKQ(31/79L)(soleado) es creado en el parking
19-06-2024 22:17:10 INFO  Main:156: 0055-WCH(28/90L)(lluvia) es creado en el parking
19-06-2024 22:17:13 INFO  Main:156: 0056-DTD(36/95L)(lluvia) es creado en el parking
19-06-2024 22:17:16 INFO  Main:156: 0057-YQX(33/91L)(soleado) es creado en el parking
19-06-2024 22:17:19 INFO  Main:156: 0058-QKR(40/113L)(soleado) es creado en el parking
19-06-2024 22:17:20 INFO  Main:156: 0059-TMN(43/109L)(soleado) es creado en el parking
19-06-2024 22:17:23 INFO  Main:156: 0060-XWM(46/106L)(lluvia) es creado en el parking
19-06-2024 22:17:24 INFO  Main:156: 0061-HMX(42/93L)(nieve) es creado en el parking
19-06-2024 22:17:27 INFO  Main:156: 0062-JGD(39/82L)(soleado) es creado en el parking
19-06-2024 22:17:30 INFO  Main:156: 0063-WKH(49/111L)(nieve) es creado en el parking
19-06-2024 22:17:31 INFO  Main:156: 0064-PVV(46/85L)(nieve) es creado en el parking
19-06-2024 22:17:34 INFO  Main:156: 0065-MCX(45/122L)(nieve) es creado en el parking
19-06-2024 22:17:36 INFO  Main:156: 0066-JCH(27/91L)(lluvia) es creado en el parking
19-06-2024 22:17:37 INFO  Main:156: 0067-GKR(31/75L)(lluvia) es creado en el parking
19-06-2024 22:17:39 INFO  Main:156: 0068-DWS(40/89L)(soleado) es creado en el parking
19-06-2024 22:17:40 INFO  Main:156: 0069-HMZ(41/115L)(nieve) es creado en el parking
19-06-2024 22:17:43 INFO  Main:156: 0070-PHG(33/104L)(nieve) es creado en el parking
19-06-2024 22:17:44 INFO  Main:156: 0071-ZHZ(25/122L)(nieve) es creado en el parking
19-06-2024 22:17:46 INFO  Main:156: 0072-XVW(30/88L)(lluvia) es creado en el parking
19-06-2024 22:17:48 INFO  Main:156: 0073-KZL(42/91L)(lluvia) es creado en el parking
19-06-2024 22:17:49 INFO  Main:156: 0074-ZBS(44/128L)(soleado) es creado en el parking
19-06-2024 22:17:52 INFO  Main:156: 0075-VJY(29/120L)(lluvia) es creado en el parking
19-06-2024 22:17:55 INFO  Main:156: 0076-RWB(27/110L)(lluvia) es creado en el parking
19-06-2024 22:17:58 INFO  Main:156: 0077-TPP(44/116L)(lluvia) es creado en el parking
19-06-2024 22:17:59 INFO  Main:156: 0078-MNM(35/75L)(soleado) es creado en el parking
19-06-2024 22:18:00 INFO  Main:156: 0079-ZLW(42/80L)(nieve) es creado en el parking
19-06-2024 22:18:01 INFO  Main:156: 0080-LXN(47/94L)(soleado) es creado en el parking
19-06-2024 22:18:02 INFO  Main:156: 0081-DBT(29/126L)(soleado) es creado en el parking
19-06-2024 22:18:03 INFO  Main:156: 0082-XBH(38/111L)(soleado) es creado en el parking
19-06-2024 22:18:05 INFO  Main:156: 0083-BNF(30/116L)(lluvia) es creado en el parking
19-06-2024 22:18:08 INFO  Main:156: 0084-QTX(48/89L)(soleado) es creado en el parking
19-06-2024 22:18:10 INFO  Main:156: 0085-SWC(41/100L)(soleado) es creado en el parking
19-06-2024 22:18:13 INFO  Main:156: 0086-DPZ(35/110L)(lluvia) es creado en el parking
19-06-2024 22:18:15 INFO  Main:156: 0087-FCR(49/111L)(nieve) es creado en el parking
19-06-2024 22:18:17 INFO  Main:156: 0088-PCV(44/126L)(nieve) es creado en el parking
19-06-2024 22:18:18 INFO  Main:156: 0089-WBY(43/120L)(lluvia) es creado en el parking
19-06-2024 22:18:21 INFO  Main:156: 0090-PHZ(42/99L)(nieve) es creado en el parking
19-06-2024 22:18:24 INFO  Main:156: 0091-XRR(44/90L)(nieve) es creado en el parking
19-06-2024 22:18:26 INFO  Main:156: 0092-RTZ(31/113L)(nieve) es creado en el parking
19-06-2024 22:18:29 INFO  Main:156: 0093-CTM(42/87L)(soleado) es creado en el parking
19-06-2024 22:18:30 INFO  Main:156: 0094-MRR(32/113L)(soleado) es creado en el parking
19-06-2024 22:18:31 INFO  Main:156: 0095-FCL(46/94L)(lluvia) es creado en el parking
19-06-2024 22:18:34 INFO  Main:156: 0096-YYG(37/112L)(soleado) es creado en el parking
19-06-2024 22:18:35 INFO  Main:156: 0097-MJT(27/125L)(soleado) es creado en el parking
19-06-2024 22:18:37 INFO  Main:156: 0098-MNK(42/84L)(lluvia) es creado en el parking
19-06-2024 22:18:40 INFO  Main:156: 0099-ZTS(39/104L)(lluvia) es creado en el parking
19-06-2024 22:18:41 INFO  Main:156: 0100-PQZ(45/92L)(nieve) es creado en el parking
19-06-2024 22:18:42 INFO  Main:156: 0101-YNH(30/81L)(soleado) es creado en el parking
19-06-2024 22:18:43 INFO  Main:156: 0102-NCH(39/93L)(soleado) es creado en el parking
19-06-2024 22:18:45 INFO  Main:156: 0103-ZPN(32/117L)(nieve) es creado en el parking
19-06-2024 22:18:46 INFO  Main:156: 0104-KRH(36/90L)(soleado) es creado en el parking
19-06-2024 22:18:47 INFO  Main:156: 0105-MTQ(43/97L)(soleado) es creado en el parking
19-06-2024 22:18:48 INFO  Main:156: 0106-MJX(44/99L)(soleado) es creado en el parking
19-06-2024 22:18:50 INFO  Main:156: 0107-YHF(36/77L)(nieve) es creado en el parking
19-06-2024 22:18:53 INFO  Main:156: 0108-LJD(43/122L)(soleado) es creado en el parking
19-06-2024 22:18:55 INFO  Main:156: 0109-NMQ(45/82L)(lluvia) es creado en el parking
19-06-2024 22:18:57 INFO  Main:156: 0110-CYX(29/95L)(lluvia) es creado en el parking
19-06-2024 22:19:00 INFO  Main:156: 0111-JRM(47/93L)(lluvia) es creado en el parking
19-06-2024 22:19:02 INFO  Main:156: 0112-RTY(35/85L)(nieve) es creado en el parking
19-06-2024 22:19:04 INFO  Main:156: 0113-FCC(36/92L)(soleado) es creado en el parking
19-06-2024 22:19:06 INFO  Main:156: 0114-YBG(43/120L)(lluvia) es creado en el parking
19-06-2024 22:19:07 INFO  Main:156: 0115-MRD(43/124L)(soleado) es creado en el parking
19-06-2024 22:19:10 INFO  Main:156: 0116-ZKT(39/75L)(nieve) es creado en el parking
19-06-2024 22:19:11 INFO  Main:156: 0117-FYM(49/94L)(nieve) es creado en el parking
19-06-2024 22:19:14 INFO  Main:156: 0118-GFS(34/116L)(lluvia) es creado en el parking
19-06-2024 22:19:16 INFO  Main:156: 0119-ZGZ(47/123L)(lluvia) es creado en el parking
19-06-2024 22:19:19 INFO  Main:156: 0120-PHM(31/81L)(soleado) es creado en el parking
19-06-2024 22:19:22 INFO  Main:156: 0121-JDQ(46/102L)(soleado) es creado en el parking
19-06-2024 22:19:25 INFO  Main:156: 0122-GVJ(35/123L)(lluvia) es creado en el parking
19-06-2024 22:19:26 INFO  Main:156: 0123-STK(46/121L)(soleado) es creado en el parking
19-06-2024 22:19:29 INFO  Main:156: 0124-SVV(46/102L)(nieve) es creado en el parking
19-06-2024 22:19:32 INFO  Main:156: 0125-QNP(32/107L)(soleado) es creado en el parking
19-06-2024 22:19:35 INFO  Main:156: 0126-WKQ(27/95L)(lluvia) es creado en el parking
19-06-2024 22:19:38 INFO  Main:156: 0127-SDT(36/116L)(nieve) es creado en el parking
19-06-2024 22:19:41 INFO  Main:156: 0128-PBZ(39/95L)(soleado) es creado en el parking
19-06-2024 22:19:43 INFO  Main:156: 0129-QHZ(43/126L)(soleado) es creado en el parking
19-06-2024 22:19:46 INFO  Main:156: 0130-DQB(30/119L)(lluvia) es creado en el parking
19-06-2024 22:19:49 INFO  Main:156: 0131-HJX(45/109L)(lluvia) es creado en el parking
19-06-2024 22:19:52 INFO  Main:156: 0132-ZGC(29/84L)(soleado) es creado en el parking
19-06-2024 22:19:55 INFO  Main:156: 0133-BSX(43/107L)(soleado) es creado en el parking
19-06-2024 22:19:58 INFO  Main:156: 0134-ZSZ(46/104L)(lluvia) es creado en el parking
19-06-2024 22:19:59 INFO  Main:156: 0135-JNM(33/113L)(nieve) es creado en el parking
19-06-2024 22:20:01 INFO  Main:156: 0136-TPR(30/116L)(lluvia) es creado en el parking
19-06-2024 22:20:04 INFO  Main:156: 0137-XZP(31/84L)(soleado) es creado en el parking
19-06-2024 22:20:07 INFO  Main:156: 0138-MHV(34/94L)(nieve) es creado en el parking
19-06-2024 22:20:09 INFO  Main:156: 0139-GRL(34/116L)(soleado) es creado en el parking
19-06-2024 22:20:11 INFO  Main:156: 0140-RPT(39/93L)(soleado) es creado en el parking
19-06-2024 22:20:14 INFO  Main:156: 0141-TVN(40/124L)(nieve) es creado en el parking
19-06-2024 22:20:15 INFO  Main:156: 0142-MML(35/121L)(lluvia) es creado en el parking
19-06-2024 22:20:18 INFO  Main:156: 0143-ZWH(43/76L)(soleado) es creado en el parking
19-06-2024 22:20:21 INFO  Main:156: 0144-XHD(49/101L)(soleado) es creado en el parking
19-06-2024 22:20:24 INFO  Main:156: 0145-RYS(39/84L)(lluvia) es creado en el parking
19-06-2024 22:20:27 INFO  Main:156: 0146-JDD(48/94L)(nieve) es creado en el parking
19-06-2024 22:20:30 INFO  Main:156: 0147-FKK(38/93L)(soleado) es creado en el parking
19-06-2024 22:20:33 INFO  Main:156: 0148-GCP(28/102L)(lluvia) es creado en el parking
19-06-2024 22:20:34 INFO  Main:156: 0149-NXF(33/115L)(soleado) es creado en el parking
19-06-2024 22:20:35 INFO  Main:156: 0150-YBK(43/107L)(nieve) es creado en el parking
19-06-2024 22:20:36 INFO  Main:156: 0151-BRV(38/119L)(soleado) es creado en el parking
19-06-2024 22:20:38 INFO  Main:156: 0152-QYH(44/78L)(soleado) es creado en el parking
19-06-2024 22:20:41 INFO  Main:156: 0153-HCJ(48/110L)(lluvia) es creado en el parking
19-06-2024 22:20:42 INFO  Main:156: 0154-CSB(46/114L)(nieve) es creado en el parking
19-06-2024 22:20:45 INFO  Main:156: 0155-ZCY(26/128L)(nieve) es creado en el parking
19-06-2024 22:20:46 INFO  Main:156: 0156-MZN(27/82L)(soleado) es creado en el parking
19-06-2024 22:20:49 INFO  Main:156: 0157-GPS(35/85L)(soleado) es creado en el parking
19-06-2024 22:20:50 INFO  Main:156: 0158-ZZX(44/98L)(nieve) es creado en el parking
19-06-2024 22:20:52 INFO  Main:156: 0159-FYR(43/85L)(soleado) es creado en el parking
19-06-2024 22:20:54 INFO  Main:156: 0160-JVG(45/126L)(soleado) es creado en el parking
19-06-2024 22:20:56 INFO  Main:156: 0161-FNT(39/129L)(soleado) es creado en el parking
19-06-2024 22:20:59 INFO  Main:156: 0162-GMJ(40/116L)(lluvia) es creado en el parking
19-06-2024 22:21:02 INFO  Main:156: 0163-CTX(46/84L)(nieve) es creado en el parking
19-06-2024 22:21:03 INFO  Main:156: 0164-ZHB(29/108L)(nieve) es creado en el parking
19-06-2024 22:21:04 INFO  Main:156: 0165-PVS(40/75L)(soleado) es creado en el parking
19-06-2024 22:21:07 INFO  Main:156: 0166-TKY(45/115L)(nieve) es creado en el parking
19-06-2024 22:21:08 INFO  Main:156: 0167-BDK(47/99L)(soleado) es creado en el parking
19-06-2024 22:21:09 INFO  Main:156: 0168-KCF(27/119L)(lluvia) es creado en el parking
19-06-2024 22:21:12 INFO  Main:156: 0169-VGP(44/96L)(lluvia) es creado en el parking
19-06-2024 22:21:15 INFO  Main:156: 0170-WSF(27/116L)(soleado) es creado en el parking
19-06-2024 22:21:17 INFO  Main:156: 0171-LGS(34/79L)(lluvia) es creado en el parking
19-06-2024 22:21:19 INFO  Main:156: 0172-PKR(29/120L)(nieve) es creado en el parking
19-06-2024 22:21:22 INFO  Main:156: 0173-WFX(38/107L)(soleado) es creado en el parking
19-06-2024 22:21:23 INFO  Main:156: 0174-ZDC(33/118L)(soleado) es creado en el parking
19-06-2024 22:21:24 INFO  Main:156: 0175-SKY(41/85L)(lluvia) es creado en el parking
19-06-2024 22:21:27 INFO  Main:156: 0176-TVM(27/108L)(nieve) es creado en el parking
19-06-2024 22:21:29 INFO  Main:156: 0177-HFB(27/80L)(nieve) es creado en el parking
19-06-2024 22:21:32 INFO  Main:156: 0178-WYB(26/81L)(nieve) es creado en el parking
19-06-2024 22:21:34 INFO  Main:156: 0179-RJJ(32/120L)(nieve) es creado en el parking
19-06-2024 22:21:37 INFO  Main:156: 0180-GLX(38/107L)(nieve) es creado en el parking
19-06-2024 22:21:38 INFO  Main:156: 0181-GXZ(34/87L)(lluvia) es creado en el parking
19-06-2024 22:21:39 INFO  Main:156: 0182-WWZ(38/129L)(nieve) es creado en el parking
19-06-2024 22:21:40 INFO  Main:156: 0183-RBD(43/92L)(lluvia) es creado en el parking
19-06-2024 22:21:41 INFO  Main:156: 0184-WRN(44/85L)(nieve) es creado en el parking
19-06-2024 22:21:42 INFO  Main:156: 0185-QBP(36/77L)(soleado) es creado en el parking
19-06-2024 22:21:45 INFO  Main:156: 0186-DVW(47/90L)(soleado) es creado en el parking
19-06-2024 22:21:46 INFO  Main:156: 0187-BLH(28/101L)(soleado) es creado en el parking
19-06-2024 22:21:47 INFO  Main:156: 0188-VBD(43/112L)(lluvia) es creado en el parking
19-06-2024 22:21:48 INFO  Main:156: 0189-CTF(43/119L)(lluvia) es creado en el parking
19-06-2024 22:21:49 INFO  Main:156: 0190-QFF(48/78L)(nieve) es creado en el parking
19-06-2024 22:21:51 INFO  Main:156: 0191-KNQ(40/76L)(lluvia) es creado en el parking
19-06-2024 22:21:52 INFO  Main:156: 0192-ZWQ(30/79L)(soleado) es creado en el parking
19-06-2024 22:21:54 INFO  Main:156: 0193-JYX(30/95L)(soleado) es creado en el parking
19-06-2024 22:21:57 INFO  Main:156: 0194-XJC(42/108L)(lluvia) es creado en el parking
19-06-2024 22:22:00 INFO  Main:156: 0195-SGJ(39/88L)(soleado) es creado en el parking
19-06-2024 22:22:01 INFO  Main:156: 0196-PSF(40/99L)(nieve) es creado en el parking
19-06-2024 22:22:04 INFO  Main:156: 0197-SGT(42/75L)(nieve) es creado en el parking
19-06-2024 22:22:07 INFO  Main:156: 0198-TPP(38/114L)(soleado) es creado en el parking
19-06-2024 22:22:09 INFO  Main:156: 0199-YDX(32/112L)(soleado) es creado en el parking
19-06-2024 22:22:11 INFO  Main:156: 0200-HDD(32/91L)(lluvia) es creado en el parking
19-06-2024 22:22:15 INFO  Main:156: 0201-ZMS(38/94L)(soleado) es creado en el parking
19-06-2024 22:22:18 INFO  Main:156: 0202-SXZ(26/96L)(soleado) es creado en el parking
19-06-2024 22:22:20 INFO  Main:156: 0203-TNF(38/115L)(nieve) es creado en el parking
19-06-2024 22:22:23 INFO  Main:156: 0204-CBY(31/120L)(lluvia) es creado en el parking
19-06-2024 22:22:26 INFO  Main:156: 0205-NPD(32/119L)(nieve) es creado en el parking
19-06-2024 22:22:27 INFO  Main:156: 0206-VLD(46/98L)(lluvia) es creado en el parking
19-06-2024 22:22:28 INFO  Main:156: 0207-JGD(39/111L)(soleado) es creado en el parking
19-06-2024 22:22:31 INFO  Main:156: 0208-XYL(45/108L)(lluvia) es creado en el parking
19-06-2024 22:22:32 INFO  Main:156: 0209-HCC(35/128L)(nieve) es creado en el parking
19-06-2024 22:22:34 INFO  Main:156: 0210-SMV(41/79L)(soleado) es creado en el parking
19-06-2024 22:22:36 INFO  Main:156: 0211-MNJ(44/100L)(soleado) es creado en el parking
19-06-2024 22:22:38 INFO  Main:156: 0212-RCQ(25/127L)(lluvia) es creado en el parking
19-06-2024 22:22:41 INFO  Main:156: 0213-DGS(25/118L)(lluvia) es creado en el parking
19-06-2024 22:22:42 INFO  Main:156: 0214-SQV(32/104L)(soleado) es creado en el parking
19-06-2024 22:22:43 INFO  Main:156: 0215-QZR(26/105L)(lluvia) es creado en el parking
19-06-2024 22:22:46 INFO  Main:156: 0216-XPK(30/84L)(lluvia) es creado en el parking
19-06-2024 22:22:48 INFO  Main:156: 0217-QBV(42/99L)(lluvia) es creado en el parking
19-06-2024 22:22:50 INFO  Main:156: 0218-WRF(48/82L)(soleado) es creado en el parking
19-06-2024 22:22:53 INFO  Main:156: 0219-KDB(34/120L)(lluvia) es creado en el parking
19-06-2024 22:22:55 INFO  Main:156: 0220-PKT(38/103L)(nieve) es creado en el parking
19-06-2024 22:22:56 INFO  Main:156: 0221-ZPY(33/95L)(lluvia) es creado en el parking
19-06-2024 22:22:59 INFO  Main:156: 0222-XYK(26/106L)(lluvia) es creado en el parking
19-06-2024 22:23:00 INFO  Main:156: 0223-GQY(30/94L)(soleado) es creado en el parking
19-06-2024 22:23:03 INFO  Main:156: 0224-QFZ(30/103L)(nieve) es creado en el parking
19-06-2024 22:23:05 INFO  Main:156: 0225-ZKF(48/128L)(soleado) es creado en el parking
19-06-2024 22:23:06 INFO  Main:156: 0226-XBZ(28/125L)(soleado) es creado en el parking
19-06-2024 22:23:09 INFO  Main:156: 0227-YVL(25/99L)(soleado) es creado en el parking
19-06-2024 22:23:12 INFO  Main:156: 0228-SPN(41/84L)(nieve) es creado en el parking
19-06-2024 22:23:13 INFO  Main:156: 0229-CZH(34/84L)(lluvia) es creado en el parking
19-06-2024 22:23:15 INFO  Main:156: 0230-DQD(27/98L)(soleado) es creado en el parking
19-06-2024 22:23:17 INFO  Main:156: 0231-SBL(27/112L)(soleado) es creado en el parking
19-06-2024 22:23:19 INFO  Main:156: 0232-RZG(47/108L)(soleado) es creado en el parking
19-06-2024 22:23:21 INFO  Main:156: 0233-QBR(44/107L)(soleado) es creado en el parking
19-06-2024 22:23:23 INFO  Main:156: 0234-QJG(32/78L)(nieve) es creado en el parking
19-06-2024 22:23:26 INFO  Main:156: 0235-YDR(43/119L)(nieve) es creado en el parking
19-06-2024 22:23:27 INFO  Main:156: 0236-MTM(36/121L)(lluvia) es creado en el parking
19-06-2024 22:23:30 INFO  Main:156: 0237-KLM(39/115L)(lluvia) es creado en el parking
19-06-2024 22:23:33 INFO  Main:156: 0238-XQQ(29/110L)(lluvia) es creado en el parking
19-06-2024 22:23:34 INFO  Main:156: 0239-JXR(44/108L)(lluvia) es creado en el parking
19-06-2024 22:23:37 INFO  Main:156: 0240-QQK(44/91L)(nieve) es creado en el parking
19-06-2024 22:23:40 INFO  Main:156: 0241-FLP(42/107L)(lluvia) es creado en el parking
19-06-2024 22:23:42 INFO  Main:156: 0242-ZFG(45/81L)(soleado) es creado en el parking
19-06-2024 22:23:44 INFO  Main:156: 0243-PXF(47/124L)(lluvia) es creado en el parking
19-06-2024 22:23:47 INFO  Main:156: 0244-FFY(27/85L)(nieve) es creado en el parking
19-06-2024 22:23:49 INFO  Main:156: 0245-NNN(27/114L)(lluvia) es creado en el parking
19-06-2024 22:23:51 INFO  Main:156: 0246-PGC(26/92L)(nieve) es creado en el parking
19-06-2024 22:23:54 INFO  Main:156: 0247-LSN(38/121L)(soleado) es creado en el parking
19-06-2024 22:23:55 INFO  Main:156: 0248-MTT(33/92L)(soleado) es creado en el parking
19-06-2024 22:23:58 INFO  Main:156: 0249-FCD(33/100L)(soleado) es creado en el parking
19-06-2024 22:24:01 INFO  Main:156: 0250-FWD(41/108L)(soleado) es creado en el parking
19-06-2024 22:24:03 INFO  Main:156: 0251-LQS(35/89L)(lluvia) es creado en el parking
19-06-2024 22:24:04 INFO  Main:156: 0252-PNG(31/96L)(soleado) es creado en el parking
19-06-2024 22:24:07 INFO  Main:156: 0253-DHX(34/126L)(soleado) es creado en el parking
19-06-2024 22:24:09 INFO  Main:156: 0254-TWD(30/79L)(soleado) es creado en el parking
19-06-2024 22:24:10 INFO  Main:156: 0255-DDQ(32/107L)(nieve) es creado en el parking
19-06-2024 22:24:11 INFO  Main:156: 0256-CZJ(48/93L)(soleado) es creado en el parking
19-06-2024 22:24:13 INFO  Main:156: 0257-QZG(34/91L)(soleado) es creado en el parking
19-06-2024 22:24:16 INFO  Main:156: 0258-KLT(28/89L)(soleado) es creado en el parking
19-06-2024 22:24:18 INFO  Main:156: 0259-LTX(42/87L)(soleado) es creado en el parking
19-06-2024 22:24:21 INFO  Main:156: 0260-GHZ(28/94L)(nieve) es creado en el parking
19-06-2024 22:24:22 INFO  Main:156: 0261-PTX(26/97L)(soleado) es creado en el parking
19-06-2024 22:24:24 INFO  Main:156: 0262-YBQ(39/99L)(lluvia) es creado en el parking
19-06-2024 22:24:25 INFO  Main:156: 0263-CJG(45/112L)(soleado) es creado en el parking
19-06-2024 22:24:27 INFO  Main:156: 0264-MQT(42/97L)(soleado) es creado en el parking
19-06-2024 22:24:29 INFO  Main:156: 0265-TRN(42/128L)(lluvia) es creado en el parking
19-06-2024 22:24:30 INFO  Main:156: 0266-JRL(33/107L)(soleado) es creado en el parking
19-06-2024 22:24:32 INFO  Main:156: 0267-BPD(31/75L)(lluvia) es creado en el parking
19-06-2024 22:24:33 INFO  Main:156: 0268-JKJ(37/126L)(lluvia) es creado en el parking
19-06-2024 22:24:34 INFO  Main:156: 0269-RBX(41/117L)(nieve) es creado en el parking
19-06-2024 22:24:35 INFO  Main:156: 0270-MWY(43/110L)(lluvia) es creado en el parking
19-06-2024 22:24:36 INFO  Main:156: 0271-WKW(47/80L)(soleado) es creado en el parking
19-06-2024 22:24:37 INFO  Main:156: 0272-HWH(31/112L)(lluvia) es creado en el parking
19-06-2024 22:24:40 INFO  Main:156: 0273-VXK(38/118L)(lluvia) es creado en el parking
19-06-2024 22:24:43 INFO  Main:156: 0274-YMG(27/105L)(lluvia) es creado en el parking
19-06-2024 22:24:45 INFO  Main:156: 0275-QZP(27/83L)(nieve) es creado en el parking
19-06-2024 22:24:48 INFO  Main:156: 0276-TTG(45/94L)(lluvia) es creado en el parking
19-06-2024 22:24:50 INFO  Main:156: 0277-YWH(36/116L)(nieve) es creado en el parking
19-06-2024 22:24:51 INFO  Main:156: 0278-CSF(42/99L)(lluvia) es creado en el parking
19-06-2024 22:24:52 INFO  Main:156: 0279-PNZ(45/110L)(nieve) es creado en el parking
19-06-2024 22:24:54 INFO  Main:156: 0280-VSY(39/129L)(soleado) es creado en el parking
19-06-2024 22:24:56 INFO  Main:156: 0281-KXF(46/76L)(nieve) es creado en el parking
19-06-2024 22:24:58 INFO  Main:156: 0282-KGS(47/81L)(soleado) es creado en el parking
19-06-2024 22:24:59 INFO  Main:156: 0283-SZK(27/126L)(lluvia) es creado en el parking
19-06-2024 22:25:00 INFO  Main:156: 0284-RBW(38/96L)(lluvia) es creado en el parking
19-06-2024 22:25:02 INFO  Main:156: 0285-QWH(40/94L)(lluvia) es creado en el parking
19-06-2024 22:25:04 INFO  Main:156: 0286-DWY(28/86L)(soleado) es creado en el parking
19-06-2024 22:25:06 INFO  Main:156: 0287-CXM(42/104L)(nieve) es creado en el parking
19-06-2024 22:25:09 INFO  Main:156: 0288-CTD(32/111L)(soleado) es creado en el parking
19-06-2024 22:25:10 INFO  Main:156: 0289-MTP(41/119L)(soleado) es creado en el parking
19-06-2024 22:25:12 INFO  Main:156: 0290-NRJ(43/125L)(nieve) es creado en el parking
19-06-2024 22:25:13 INFO  Main:156: 0291-RQF(34/80L)(lluvia) es creado en el parking
19-06-2024 22:25:14 INFO  Main:156: 0292-YJR(36/85L)(lluvia) es creado en el parking
19-06-2024 22:25:17 INFO  Main:156: 0293-CFJ(39/100L)(nieve) es creado en el parking
19-06-2024 22:25:19 INFO  Main:156: 0294-WCL(35/102L)(soleado) es creado en el parking
19-06-2024 22:25:21 INFO  Main:156: 0295-DCL(36/127L)(lluvia) es creado en el parking
19-06-2024 22:25:24 INFO  Main:156: 0296-GSK(31/108L)(lluvia) es creado en el parking
19-06-2024 22:25:27 INFO  Main:156: 0297-QNV(31/103L)(nieve) es creado en el parking
19-06-2024 22:25:29 INFO  Main:156: 0298-XYQ(46/105L)(lluvia) es creado en el parking
19-06-2024 22:25:31 INFO  Main:156: 0299-SWT(25/113L)(nieve) es creado en el parking
19-06-2024 22:25:32 INFO  Main:156: 0300-QHM(36/94L)(nieve) es creado en el parking
19-06-2024 22:25:34 INFO  Main:156: 0301-CHD(32/101L)(nieve) es creado en el parking
19-06-2024 22:25:37 INFO  Main:156: 0302-NPD(48/83L)(lluvia) es creado en el parking
19-06-2024 22:25:38 INFO  Main:156: 0303-FBC(41/79L)(lluvia) es creado en el parking
19-06-2024 22:25:40 INFO  Main:156: 0304-VSG(29/90L)(soleado) es creado en el parking
19-06-2024 22:25:43 INFO  Main:156: 0305-PGX(48/89L)(soleado) es creado en el parking
19-06-2024 22:25:45 INFO  Main:156: 0306-VCK(46/79L)(soleado) es creado en el parking
19-06-2024 22:25:47 INFO  Main:156: 0307-CTS(45/88L)(soleado) es creado en el parking
19-06-2024 22:25:48 INFO  Main:156: 0308-BFS(28/75L)(lluvia) es creado en el parking
19-06-2024 22:25:49 INFO  Main:156: 0309-CRQ(30/77L)(soleado) es creado en el parking
19-06-2024 22:25:52 INFO  Main:156: 0310-CRV(28/103L)(soleado) es creado en el parking
19-06-2024 22:25:53 INFO  Main:156: 0311-NYG(27/115L)(soleado) es creado en el parking
19-06-2024 22:25:56 INFO  Main:156: 0312-RWD(30/82L)(nieve) es creado en el parking
19-06-2024 22:25:58 INFO  Main:156: 0313-QBL(48/122L)(soleado) es creado en el parking
19-06-2024 22:25:59 INFO  Main:156: 0314-QRJ(28/89L)(soleado) es creado en el parking
19-06-2024 22:26:02 INFO  Main:156: 0315-KJY(37/97L)(nieve) es creado en el parking
19-06-2024 22:26:03 INFO  Main:156: 0316-JNL(44/80L)(lluvia) es creado en el parking
19-06-2024 22:26:06 INFO  Main:156: 0317-GWH(48/75L)(soleado) es creado en el parking
19-06-2024 22:26:08 INFO  Main:156: 0318-QQN(39/83L)(lluvia) es creado en el parking
19-06-2024 22:26:10 INFO  Main:156: 0319-TTR(27/117L)(lluvia) es creado en el parking
19-06-2024 22:26:11 INFO  Main:156: 0320-MTD(38/115L)(lluvia) es creado en el parking
19-06-2024 22:26:14 INFO  Main:156: 0321-RBN(28/98L)(nieve) es creado en el parking
19-06-2024 22:26:17 INFO  Main:156: 0322-KCL(40/91L)(soleado) es creado en el parking
19-06-2024 22:26:18 INFO  Main:156: 0323-JML(26/106L)(soleado) es creado en el parking
19-06-2024 22:26:19 INFO  Main:156: 0324-GBK(49/102L)(soleado) es creado en el parking
19-06-2024 22:26:21 INFO  Main:156: 0325-MVQ(49/103L)(nieve) es creado en el parking
19-06-2024 22:26:24 INFO  Main:156: 0326-MBH(26/119L)(soleado) es creado en el parking
19-06-2024 22:26:26 INFO  Main:156: 0327-KSJ(48/110L)(soleado) es creado en el parking
19-06-2024 22:26:28 INFO  Main:156: 0328-WRW(41/108L)(lluvia) es creado en el parking
19-06-2024 22:26:29 INFO  Main:156: 0329-JRL(30/77L)(nieve) es creado en el parking
19-06-2024 22:26:32 INFO  Main:156: 0330-VFP(28/114L)(soleado) es creado en el parking
19-06-2024 22:26:34 INFO  Main:156: 0331-MDL(35/117L)(soleado) es creado en el parking
19-06-2024 22:26:36 INFO  Main:156: 0332-CMD(27/115L)(soleado) es creado en el parking
19-06-2024 22:26:39 INFO  Main:156: 0333-FSW(28/120L)(nieve) es creado en el parking
19-06-2024 22:26:40 INFO  Main:156: 0334-VVR(29/98L)(lluvia) es creado en el parking
19-06-2024 22:26:42 INFO  Main:156: 0335-JQG(31/101L)(lluvia) es creado en el parking
19-06-2024 22:26:43 INFO  Main:156: 0336-CNH(29/81L)(nieve) es creado en el parking
19-06-2024 22:26:44 INFO  Main:156: 0337-ZFN(43/92L)(lluvia) es creado en el parking
19-06-2024 22:26:45 INFO  Main:156: 0338-CXJ(35/102L)(lluvia) es creado en el parking
19-06-2024 22:26:47 INFO  Main:156: 0339-BMX(49/102L)(nieve) es creado en el parking
19-06-2024 22:26:50 INFO  Main:156: 0340-DQL(32/88L)(nieve) es creado en el parking
19-06-2024 22:26:53 INFO  Main:156: 0341-BTZ(49/75L)(nieve) es creado en el parking
19-06-2024 22:26:55 INFO  Main:156: 0342-QXN(32/123L)(soleado) es creado en el parking
19-06-2024 22:26:56 INFO  Main:156: 0343-FJX(36/85L)(nieve) es creado en el parking
19-06-2024 22:26:57 INFO  Main:156: 0344-BSJ(36/119L)(nieve) es creado en el parking
19-06-2024 22:26:59 INFO  Main:156: 0345-YRG(36/99L)(lluvia) es creado en el parking
19-06-2024 22:27:02 INFO  Main:156: 0346-BJN(41/94L)(lluvia) es creado en el parking
19-06-2024 22:27:05 INFO  Main:156: 0347-FDN(36/90L)(lluvia) es creado en el parking
19-06-2024 22:27:07 INFO  Main:156: 0348-LYZ(47/120L)(nieve) es creado en el parking
19-06-2024 22:27:08 INFO  Main:156: 0349-XNX(38/105L)(soleado) es creado en el parking
19-06-2024 22:27:10 INFO  Main:156: 0350-QPM(44/100L)(nieve) es creado en el parking
19-06-2024 22:27:12 INFO  Main:156: 0351-YXQ(41/79L)(nieve) es creado en el parking
19-06-2024 22:27:15 INFO  Main:156: 0352-FMJ(33/86L)(nieve) es creado en el parking
19-06-2024 22:27:17 INFO  Main:156: 0353-YRS(46/129L)(lluvia) es creado en el parking
19-06-2024 22:27:19 INFO  Main:156: 0354-JWZ(49/104L)(nieve) es creado en el parking
19-06-2024 22:27:21 INFO  Main:156: 0355-JVH(41/122L)(nieve) es creado en el parking
19-06-2024 22:27:24 INFO  Main:156: 0356-RFY(26/124L)(soleado) es creado en el parking
19-06-2024 22:27:25 INFO  Main:156: 0357-KXF(34/85L)(lluvia) es creado en el parking
19-06-2024 22:27:26 INFO  Main:156: 0358-TDF(43/89L)(soleado) es creado en el parking
19-06-2024 22:27:29 INFO  Main:156: 0359-VLY(33/108L)(lluvia) es creado en el parking
19-06-2024 22:27:30 INFO  Main:156: 0360-GZB(31/98L)(lluvia) es creado en el parking
19-06-2024 22:27:31 INFO  Main:156: 0361-MRC(27/75L)(soleado) es creado en el parking
19-06-2024 22:27:34 INFO  Main:156: 0362-BLB(25/86L)(soleado) es creado en el parking
19-06-2024 22:27:35 INFO  Main:156: 0363-SXG(25/82L)(nieve) es creado en el parking
19-06-2024 22:27:36 INFO  Main:156: 0364-SHN(38/85L)(soleado) es creado en el parking
19-06-2024 22:27:39 INFO  Main:156: 0365-GHS(34/121L)(lluvia) es creado en el parking
19-06-2024 22:27:41 INFO  Main:156: 0366-KJX(42/120L)(lluvia) es creado en el parking
19-06-2024 22:27:43 INFO  Main:156: 0367-GZH(28/112L)(lluvia) es creado en el parking
19-06-2024 22:27:45 INFO  Main:156: 0368-CKF(43/119L)(nieve) es creado en el parking
19-06-2024 22:27:48 INFO  Main:156: 0369-PKP(34/103L)(nieve) es creado en el parking
19-06-2024 22:27:49 INFO  Main:156: 0370-DTZ(46/98L)(nieve) es creado en el parking
19-06-2024 22:27:52 INFO  Main:156: 0371-FFW(27/124L)(lluvia) es creado en el parking
19-06-2024 22:27:54 INFO  Main:156: 0372-ZLD(32/93L)(soleado) es creado en el parking
19-06-2024 22:27:57 INFO  Main:156: 0373-THH(27/126L)(nieve) es creado en el parking
19-06-2024 22:27:59 INFO  Main:156: 0374-PWQ(37/82L)(soleado) es creado en el parking
19-06-2024 22:28:01 INFO  Main:156: 0375-WGW(42/78L)(soleado) es creado en el parking
19-06-2024 22:28:02 INFO  Main:156: 0376-LRZ(37/129L)(nieve) es creado en el parking
19-06-2024 22:28:05 INFO  Main:156: 0377-BRG(34/101L)(nieve) es creado en el parking
19-06-2024 22:28:06 INFO  Main:156: 0378-WKJ(33/102L)(nieve) es creado en el parking
19-06-2024 22:28:07 INFO  Main:156: 0379-QWH(31/109L)(soleado) es creado en el parking
19-06-2024 22:28:08 INFO  Main:156: 0380-TTX(36/78L)(lluvia) es creado en el parking
19-06-2024 22:28:09 INFO  Main:156: 0381-DPR(26/115L)(soleado) es creado en el parking
19-06-2024 22:28:12 INFO  Main:156: 0382-GXJ(40/103L)(nieve) es creado en el parking
19-06-2024 22:28:15 INFO  Main:156: 0383-KTD(43/106L)(soleado) es creado en el parking
19-06-2024 22:28:18 INFO  Main:156: 0384-DGZ(25/89L)(nieve) es creado en el parking
19-06-2024 22:28:21 INFO  Main:156: 0385-WPL(36/86L)(nieve) es creado en el parking
19-06-2024 22:28:24 INFO  Main:156: 0386-FNB(31/85L)(soleado) es creado en el parking
19-06-2024 22:28:27 INFO  Main:156: 0387-DPG(36/127L)(lluvia) es creado en el parking
19-06-2024 22:28:28 INFO  Main:156: 0388-VFM(45/85L)(soleado) es creado en el parking
19-06-2024 22:28:29 INFO  Main:156: 0389-BQT(31/119L)(soleado) es creado en el parking
19-06-2024 22:28:31 INFO  Main:156: 0390-TZF(26/116L)(lluvia) es creado en el parking
19-06-2024 22:28:33 INFO  Main:156: 0391-NVJ(38/111L)(soleado) es creado en el parking
19-06-2024 22:28:35 INFO  Main:156: 0392-SBY(40/110L)(nieve) es creado en el parking
19-06-2024 22:28:36 INFO  Main:156: 0393-KCS(29/110L)(lluvia) es creado en el parking
19-06-2024 22:28:39 INFO  Main:156: 0394-PTW(32/115L)(soleado) es creado en el parking
19-06-2024 22:28:40 INFO  Main:156: 0395-ZFS(41/128L)(lluvia) es creado en el parking
19-06-2024 22:28:41 INFO  Main:156: 0001-TXM(49/94L)(lluvia) es creado en el parking
19-06-2024 22:28:42 INFO  Main:156: 0396-CTJ(49/105L)(soleado) es creado en el parking
19-06-2024 22:28:44 INFO  Main:156: 0002-BJH(26/87L)(soleado) es creado en el parking
19-06-2024 22:28:45 INFO  Main:156: 0397-BSS(32/125L)(lluvia) es creado en el parking
19-06-2024 22:28:46 INFO  Main:156: 0003-DYS(47/103L)(soleado) es creado en el parking
19-06-2024 22:28:46 INFO  Main:156: 0398-JVK(29/113L)(lluvia) es creado en el parking
19-06-2024 22:28:47 INFO  Main:156: 0004-WTR(49/85L)(soleado) es creado en el parking
19-06-2024 22:28:47 INFO  Main:156: 0399-NQB(45/117L)(nieve) es creado en el parking
19-06-2024 22:28:48 INFO  Main:156: 0400-FFT(32/107L)(nieve) es creado en el parking
19-06-2024 22:28:49 INFO  Main:156: 0005-VQH(37/96L)(soleado) es creado en el parking
19-06-2024 22:28:50 INFO  Main:156: 0006-GZP(31/94L)(lluvia) es creado en el parking
19-06-2024 22:28:51 INFO  Main:156: 0007-DXD(41/83L)(lluvia) es creado en el parking
19-06-2024 22:28:51 INFO  Main:156: 0401-XCC(33/101L)(soleado) es creado en el parking
19-06-2024 22:28:52 INFO  Main:156: 0008-RJG(45/81L)(soleado) es creado en el parking
19-06-2024 22:28:54 INFO  Main:156: 0009-JJV(27/83L)(nieve) es creado en el parking
19-06-2024 22:28:54 INFO  Main:156: 0402-SJR(36/115L)(lluvia) es creado en el parking
19-06-2024 22:28:57 INFO  Main:156: 0010-DQB(34/94L)(nieve) es creado en el parking
19-06-2024 22:28:57 INFO  Main:156: 0403-FZM(28/75L)(soleado) es creado en el parking
19-06-2024 22:29:00 INFO  Main:156: 0011-GTQ(27/123L)(lluvia) es creado en el parking
19-06-2024 22:29:01 INFO  Main:156: 0404-NSC(27/75L)(nieve) es creado en el parking
19-06-2024 22:29:04 INFO  Main:156: 0405-VML(41/95L)(lluvia) es creado en el parking
19-06-2024 22:29:05 INFO  Main:156: 0406-FTC(45/80L)(lluvia) es creado en el parking
19-06-2024 22:29:06 INFO  Main:156: 0407-KDZ(46/107L)(lluvia) es creado en el parking
19-06-2024 22:29:09 INFO  Main:156: 0408-GFL(46/83L)(lluvia) es creado en el parking
19-06-2024 22:29:11 INFO  Main:156: 0409-LNN(26/90L)(soleado) es creado en el parking
19-06-2024 22:29:13 INFO  Main:156: 0410-LVT(39/111L)(lluvia) es creado en el parking
19-06-2024 22:29:14 INFO  Main:156: 0411-KYX(39/123L)(nieve) es creado en el parking
19-06-2024 22:29:15 INFO  Main:156: 0412-VSB(28/127L)(nieve) es creado en el parking
19-06-2024 22:29:17 INFO  Main:156: 0413-QWZ(35/99L)(soleado) es creado en el parking
19-06-2024 22:29:20 INFO  Main:156: 0414-XRS(40/99L)(nieve) es creado en el parking
19-06-2024 22:29:21 INFO  Main:156: 0012-ZPS(36/115L)(nieve) es creado en el parking
19-06-2024 22:29:21 INFO  Main:156: 0415-JFX(47/113L)(soleado) es creado en el parking
19-06-2024 22:29:22 INFO  Main:156: 0416-GHH(29/109L)(lluvia) es creado en el parking
19-06-2024 22:29:23 INFO  Main:156: 0417-ZQY(33/85L)(lluvia) es creado en el parking
19-06-2024 22:29:24 INFO  Main:156: 0013-YGD(38/125L)(lluvia) es creado en el parking
19-06-2024 22:29:24 INFO  Main:156: 0418-ZGN(29/127L)(lluvia) es creado en el parking
19-06-2024 22:29:26 INFO  Main:156: 0419-RVR(48/118L)(nieve) es creado en el parking
19-06-2024 22:29:27 INFO  Main:156: 0014-ZMH(48/120L)(lluvia) es creado en el parking
19-06-2024 22:29:29 INFO  Main:156: 0420-RGW(49/89L)(soleado) es creado en el parking
19-06-2024 22:29:30 INFO  Main:156: 0015-YZZ(40/81L)(lluvia) es creado en el parking
19-06-2024 22:29:32 INFO  Main:156: 0016-ZGS(42/87L)(lluvia) es creado en el parking
19-06-2024 22:29:32 INFO  Main:156: 0421-HMF(25/128L)(soleado) es creado en el parking
19-06-2024 22:29:33 INFO  Main:156: 0017-KVJ(39/97L)(nieve) es creado en el parking
19-06-2024 22:29:34 INFO  Main:156: 0018-JYW(44/100L)(nieve) es creado en el parking
19-06-2024 22:29:35 INFO  Main:156: 0019-MKM(46/77L)(nieve) es creado en el parking
19-06-2024 22:29:35 INFO  Main:156: 0422-HFD(36/101L)(soleado) es creado en el parking
19-06-2024 22:29:37 INFO  Main:156: 0020-LHN(33/116L)(soleado) es creado en el parking
19-06-2024 22:29:39 INFO  Main:156: 0423-GCS(47/78L)(soleado) es creado en el parking
19-06-2024 22:29:39 INFO  Main:156: 0021-BCN(30/129L)(lluvia) es creado en el parking
19-06-2024 22:29:40 INFO  Main:156: 0022-BLL(28/123L)(lluvia) es creado en el parking
19-06-2024 22:29:42 INFO  Main:156: 0424-GJW(32/89L)(nieve) es creado en el parking
19-06-2024 22:29:42 INFO  Main:156: 0023-LDP(30/78L)(nieve) es creado en el parking
19-06-2024 22:29:43 INFO  Main:156: 0024-DKM(37/126L)(nieve) es creado en el parking
19-06-2024 22:29:44 INFO  Main:156: 0425-VKT(27/112L)(soleado) es creado en el parking
19-06-2024 22:29:45 INFO  Main:156: 0025-HKV(32/91L)(soleado) es creado en el parking
19-06-2024 22:29:47 INFO  Main:156: 0426-CGF(42/99L)(lluvia) es creado en el parking
19-06-2024 22:29:48 INFO  Main:156: 0427-HTR(31/126L)(lluvia) es creado en el parking
19-06-2024 22:29:48 INFO  Main:156: 0026-TMQ(27/101L)(nieve) es creado en el parking
19-06-2024 22:29:50 INFO  Main:156: 0027-XMN(41/75L)(soleado) es creado en el parking
19-06-2024 22:29:51 INFO  Main:156: 0428-QZW(32/87L)(soleado) es creado en el parking
19-06-2024 22:29:53 INFO  Main:156: 0028-CJV(32/104L)(lluvia) es creado en el parking
19-06-2024 22:29:54 INFO  Main:156: 0429-JQJ(31/98L)(soleado) es creado en el parking
19-06-2024 22:29:56 INFO  Main:156: 0029-WZB(44/106L)(lluvia) es creado en el parking
19-06-2024 22:29:57 INFO  Main:156: 0430-PNQ(32/96L)(lluvia) es creado en el parking
19-06-2024 22:29:58 INFO  Main:156: 0431-HQD(30/92L)(nieve) es creado en el parking
19-06-2024 22:30:00 INFO  Main:156: 0432-FBC(37/84L)(lluvia) es creado en el parking
19-06-2024 22:30:03 INFO  Main:156: 0433-ZWB(30/116L)(nieve) es creado en el parking
19-06-2024 22:30:05 INFO  Main:156: 0434-SPJ(35/77L)(soleado) es creado en el parking
19-06-2024 22:30:07 INFO  Main:156: 0435-KFD(46/81L)(lluvia) es creado en el parking
19-06-2024 22:30:10 INFO  Main:156: 0436-ZMT(42/98L)(soleado) es creado en el parking
19-06-2024 22:30:13 INFO  Main:156: 0437-RSY(29/107L)(lluvia) es creado en el parking
19-06-2024 22:30:16 INFO  Main:156: 0438-VFS(46/83L)(lluvia) es creado en el parking
19-06-2024 22:30:17 INFO  Main:156: 0439-VMR(45/121L)(soleado) es creado en el parking
19-06-2024 22:30:18 INFO  Main:156: 0440-NGY(27/112L)(nieve) es creado en el parking
19-06-2024 22:30:20 INFO  Main:156: 0441-VCH(49/95L)(nieve) es creado en el parking
19-06-2024 22:30:21 INFO  Main:156: 0442-CPN(32/126L)(lluvia) es creado en el parking
19-06-2024 22:30:23 INFO  Main:156: 0443-BFV(47/89L)(nieve) es creado en el parking
19-06-2024 22:30:26 INFO  Main:156: 0444-PYS(38/102L)(nieve) es creado en el parking
19-06-2024 22:30:26 INFO  Main:156: 0001-TCR(44/101L)(nieve) es creado en el parking
19-06-2024 22:30:28 INFO  Main:156: 0445-SBN(39/119L)(lluvia) es creado en el parking
19-06-2024 22:30:29 INFO  Main:156: 0002-PKV(49/82L)(lluvia) es creado en el parking
19-06-2024 22:30:30 INFO  Main:156: 0446-LKL(34/84L)(lluvia) es creado en el parking
19-06-2024 22:30:30 INFO  Main:156: 0003-NCJ(40/115L)(nieve) es creado en el parking
19-06-2024 22:30:31 INFO  Main:156: 0004-LQR(48/117L)(nieve) es creado en el parking
19-06-2024 22:30:32 INFO  Main:156: 0447-LSN(39/126L)(nieve) es creado en el parking
19-06-2024 22:30:32 INFO  Main:156: 0005-JDJ(48/111L)(soleado) es creado en el parking
19-06-2024 22:30:34 INFO  Main:156: 0006-GGL(36/109L)(nieve) es creado en el parking
19-06-2024 22:30:35 INFO  Main:156: 0448-VVZ(25/129L)(lluvia) es creado en el parking
19-06-2024 22:30:37 INFO  Main:156: 0449-MCQ(47/125L)(nieve) es creado en el parking
19-06-2024 22:30:37 INFO  Main:156: 0007-HHQ(46/122L)(nieve) es creado en el parking
19-06-2024 22:30:38 INFO  Main:156: 0450-YFT(33/114L)(soleado) es creado en el parking
19-06-2024 22:30:40 INFO  Main:156: 0451-DBK(40/119L)(soleado) es creado en el parking
19-06-2024 22:30:40 INFO  Main:156: 0008-YQK(32/90L)(nieve) es creado en el parking
19-06-2024 22:30:43 INFO  Main:156: 0452-WPY(47/80L)(nieve) es creado en el parking
19-06-2024 22:30:43 INFO  Main:156: 0009-JHM(34/77L)(nieve) es creado en el parking
19-06-2024 22:30:44 INFO  Main:156: 0453-XDD(49/122L)(soleado) es creado en el parking
19-06-2024 22:30:44 INFO  Main:156: 0010-RQY(43/88L)(nieve) es creado en el parking
19-06-2024 22:30:47 INFO  Main:156: 0454-STY(37/106L)(soleado) es creado en el parking
19-06-2024 22:30:49 INFO  Main:156: 0455-LKC(44/121L)(soleado) es creado en el parking
19-06-2024 22:30:51 INFO  Main:156: 0456-LMB(27/78L)(soleado) es creado en el parking
19-06-2024 22:30:54 INFO  Main:156: 0457-RBH(45/120L)(lluvia) es creado en el parking
19-06-2024 22:30:55 INFO  Main:156: 0458-XQT(42/114L)(soleado) es creado en el parking
19-06-2024 22:30:58 INFO  Main:156: 0459-BYX(30/108L)(nieve) es creado en el parking
19-06-2024 22:31:00 INFO  Main:156: 0460-QQD(36/100L)(lluvia) es creado en el parking
19-06-2024 22:31:01 INFO  Main:156: 0461-TPT(39/125L)(soleado) es creado en el parking
19-06-2024 22:31:04 INFO  Main:156: 0462-FKR(40/111L)(lluvia) es creado en el parking
19-06-2024 22:31:06 INFO  Main:156: 0011-TNJ(39/113L)(nieve) es creado en el parking
19-06-2024 22:31:07 INFO  Main:156: 0463-VMZ(38/121L)(soleado) es creado en el parking
19-06-2024 22:31:07 INFO  Main:156: 0012-BRM(44/99L)(soleado) es creado en el parking
19-06-2024 22:31:08 INFO  Main:156: 0013-QSP(47/80L)(soleado) es creado en el parking
19-06-2024 22:31:09 INFO  Main:156: 0464-QSP(26/102L)(lluvia) es creado en el parking
19-06-2024 22:31:10 INFO  Main:156: 0014-VXH(38/88L)(nieve) es creado en el parking
19-06-2024 22:31:11 INFO  Main:156: 0015-DMN(46/88L)(lluvia) es creado en el parking
19-06-2024 22:31:12 INFO  Main:156: 0465-SHQ(29/111L)(soleado) es creado en el parking
19-06-2024 22:31:13 INFO  Main:156: 0016-PGV(38/124L)(nieve) es creado en el parking
19-06-2024 22:31:15 INFO  Main:156: 0466-BWP(49/100L)(lluvia) es creado en el parking
19-06-2024 22:31:16 INFO  Main:156: 0017-KZN(28/115L)(lluvia) es creado en el parking
19-06-2024 22:31:17 INFO  Main:156: 0467-SPF(37/115L)(lluvia) es creado en el parking
19-06-2024 22:31:19 INFO  Main:156: 0018-JKH(25/129L)(soleado) es creado en el parking
19-06-2024 22:31:20 INFO  Main:156: 0468-YRG(37/87L)(soleado) es creado en el parking
19-06-2024 22:31:21 INFO  Main:156: 0469-FMD(41/89L)(nieve) es creado en el parking
19-06-2024 22:31:21 INFO  Main:156: 0019-MZJ(26/76L)(soleado) es creado en el parking
19-06-2024 22:31:22 INFO  Main:156: 0020-THM(47/79L)(nieve) es creado en el parking
19-06-2024 22:31:23 INFO  Main:156: 0470-NSZ(28/86L)(lluvia) es creado en el parking
19-06-2024 22:31:25 INFO  Main:156: 0021-CCV(35/112L)(lluvia) es creado en el parking
19-06-2024 22:31:26 INFO  Main:156: 0471-TGP(45/118L)(soleado) es creado en el parking
19-06-2024 22:31:29 INFO  Main:156: 0472-SBC(28/112L)(nieve) es creado en el parking
19-06-2024 22:31:31 INFO  Main:156: 0473-FWB(36/105L)(lluvia) es creado en el parking
19-06-2024 22:31:33 INFO  Main:156: 0474-KLP(29/118L)(soleado) es creado en el parking
19-06-2024 22:31:34 INFO  Main:156: 0475-WXW(32/105L)(nieve) es creado en el parking
19-06-2024 22:31:37 INFO  Main:156: 0476-WXL(40/114L)(soleado) es creado en el parking
19-06-2024 22:31:39 INFO  Main:156: 0477-WWB(47/93L)(soleado) es creado en el parking
19-06-2024 22:31:42 INFO  Main:156: 0478-SFG(27/117L)(soleado) es creado en el parking
19-06-2024 22:31:44 INFO  Main:156: 0479-FKM(34/128L)(nieve) es creado en el parking
19-06-2024 22:31:46 INFO  Main:156: 0480-SMB(33/100L)(soleado) es creado en el parking
19-06-2024 22:31:46 INFO  Main:156: 0022-FPV(47/96L)(soleado) es creado en el parking
19-06-2024 22:31:48 INFO  Main:156: 0481-JGD(48/76L)(nieve) es creado en el parking
19-06-2024 22:31:49 INFO  Main:156: 0023-KCR(39/115L)(nieve) es creado en el parking
19-06-2024 22:31:51 INFO  Main:156: 0482-XJC(27/120L)(soleado) es creado en el parking
19-06-2024 22:31:51 INFO  Main:156: 0024-RYW(43/108L)(lluvia) es creado en el parking
19-06-2024 22:31:53 INFO  Main:156: 0483-FVB(25/111L)(soleado) es creado en el parking
19-06-2024 22:31:54 INFO  Main:156: 0025-ZYY(46/87L)(nieve) es creado en el parking
19-06-2024 22:31:55 INFO  Main:156: 0484-QDX(49/88L)(soleado) es creado en el parking
19-06-2024 22:31:56 INFO  Main:156: 0485-PDF(35/76L)(lluvia) es creado en el parking
19-06-2024 22:31:57 INFO  Main:156: 0026-TPK(42/99L)(nieve) es creado en el parking
19-06-2024 22:31:58 INFO  Main:156: 0486-MLV(45/76L)(soleado) es creado en el parking
19-06-2024 22:31:59 INFO  Main:156: 0027-LKG(46/107L)(nieve) es creado en el parking
19-06-2024 22:32:00 INFO  Main:156: 0487-GPR(34/87L)(nieve) es creado en el parking
19-06-2024 22:32:00 INFO  Main:156: 0028-NHR(45/90L)(lluvia) es creado en el parking
19-06-2024 22:32:01 INFO  Main:156: 0488-YTF(26/123L)(soleado) es creado en el parking
19-06-2024 22:32:02 INFO  Main:156: 0029-MRC(46/83L)(nieve) es creado en el parking
19-06-2024 22:32:03 INFO  Main:156: 0030-XBL(45/129L)(lluvia) es creado en el parking
19-06-2024 22:32:04 INFO  Main:156: 0489-VRH(38/123L)(nieve) es creado en el parking
19-06-2024 22:32:04 INFO  Main:156: 0031-TFZ(42/90L)(soleado) es creado en el parking
19-06-2024 22:32:05 INFO  Main:156: 0490-HTW(34/83L)(lluvia) es creado en el parking
19-06-2024 22:32:05 INFO  Main:156: 0032-QCZ(40/88L)(nieve) es creado en el parking
19-06-2024 22:32:07 INFO  Main:156: 0491-LGY(34/105L)(lluvia) es creado en el parking
19-06-2024 22:32:09 INFO  Main:156: 0492-LKY(41/95L)(lluvia) es creado en el parking
19-06-2024 22:32:11 INFO  Main:156: 0493-DVT(37/105L)(lluvia) es creado en el parking
19-06-2024 22:32:13 INFO  Main:156: 0494-PRJ(39/109L)(lluvia) es creado en el parking
19-06-2024 22:32:15 INFO  Main:156: 0495-FTL(40/85L)(lluvia) es creado en el parking
19-06-2024 22:32:17 INFO  Main:156: 0496-WKG(34/119L)(lluvia) es creado en el parking
19-06-2024 22:32:19 INFO  Main:156: 0497-GDL(44/75L)(soleado) es creado en el parking
19-06-2024 22:32:21 INFO  Main:156: 0498-ZQJ(29/128L)(nieve) es creado en el parking
19-06-2024 22:32:23 INFO  Main:156: 0499-GTX(29/117L)(soleado) es creado en el parking
19-06-2024 22:32:25 INFO  Main:156: 0500-VNK(25/75L)(soleado) es creado en el parking
19-06-2024 22:32:26 INFO  Main:156: 0033-NLM(30/101L)(soleado) es creado en el parking
19-06-2024 22:32:28 INFO  Main:156: 0034-GMD(30/102L)(lluvia) es creado en el parking
19-06-2024 22:32:28 INFO  Main:156: 0501-NKF(37/90L)(soleado) es creado en el parking
19-06-2024 22:32:30 INFO  Main:156: 0502-GGG(45/105L)(lluvia) es creado en el parking
19-06-2024 22:32:31 INFO  Main:156: 0035-RTL(27/86L)(nieve) es creado en el parking
19-06-2024 22:32:32 INFO  Main:156: 0503-QNJ(33/91L)(soleado) es creado en el parking
19-06-2024 22:32:34 INFO  Main:156: 0504-MZW(27/125L)(lluvia) es creado en el parking
19-06-2024 22:32:34 INFO  Main:156: 0036-XPS(36/117L)(soleado) es creado en el parking
19-06-2024 22:32:36 INFO  Main:156: 0505-VKS(45/114L)(lluvia) es creado en el parking
19-06-2024 22:32:37 INFO  Main:156: 0506-XWV(36/115L)(nieve) es creado en el parking
19-06-2024 22:32:37 INFO  Main:156: 0037-GGV(47/89L)(lluvia) es creado en el parking
19-06-2024 22:32:38 INFO  Main:156: 0507-HSK(43/78L)(soleado) es creado en el parking
19-06-2024 22:32:38 INFO  Main:156: 0038-JTM(32/108L)(nieve) es creado en el parking
19-06-2024 22:32:39 INFO  Main:156: 0039-FNF(36/110L)(lluvia) es creado en el parking
19-06-2024 22:32:40 INFO  Main:156: 0508-NGK(42/83L)(soleado) es creado en el parking
19-06-2024 22:32:40 INFO  Main:156: 0040-WZX(31/111L)(soleado) es creado en el parking
19-06-2024 22:32:41 INFO  Main:156: 0509-JJR(34/128L)(lluvia) es creado en el parking
19-06-2024 22:32:41 INFO  Main:156: 0041-JCJ(39/99L)(nieve) es creado en el parking
19-06-2024 22:32:42 INFO  Main:156: 0510-VWX(38/109L)(nieve) es creado en el parking
19-06-2024 22:32:44 INFO  Main:156: 0042-LZS(48/99L)(nieve) es creado en el parking
19-06-2024 22:32:45 INFO  Main:156: 0511-XXR(46/84L)(soleado) es creado en el parking
19-06-2024 22:32:45 INFO  Main:156: 0043-CCK(49/97L)(soleado) es creado en el parking
19-06-2024 22:32:47 INFO  Main:156: 0512-PWL(41/124L)(lluvia) es creado en el parking
19-06-2024 22:32:47 INFO  Main:156: 0044-BQH(44/126L)(soleado) es creado en el parking
19-06-2024 22:32:50 INFO  Main:156: 0513-XRK(36/94L)(soleado) es creado en el parking
19-06-2024 22:32:50 INFO  Main:156: 0045-GRW(30/79L)(lluvia) es creado en el parking
19-06-2024 22:32:53 INFO  Main:156: 0514-DMW(29/91L)(lluvia) es creado en el parking
19-06-2024 22:32:53 INFO  Main:156: 0046-JSL(29/117L)(lluvia) es creado en el parking
19-06-2024 22:32:55 INFO  Main:156: 0515-MXK(42/125L)(nieve) es creado en el parking
19-06-2024 22:32:55 INFO  Main:156: 0047-CKS(45/107L)(soleado) es creado en el parking
19-06-2024 22:32:56 INFO  Main:156: 0516-GND(25/84L)(soleado) es creado en el parking
19-06-2024 22:32:56 INFO  Main:156: 0048-MQP(48/106L)(lluvia) es creado en el parking
19-06-2024 22:32:57 INFO  Main:156: 0517-MBQ(35/89L)(soleado) es creado en el parking
19-06-2024 22:32:58 INFO  Main:156: 0518-BKP(29/101L)(lluvia) es creado en el parking
19-06-2024 22:32:59 INFO  Main:156: 0049-QZC(28/125L)(soleado) es creado en el parking
19-06-2024 22:33:01 INFO  Main:156: 0519-ZPT(47/120L)(nieve) es creado en el parking
19-06-2024 22:33:02 INFO  Main:156: 0050-SHP(27/111L)(soleado) es creado en el parking
19-06-2024 22:33:04 INFO  Main:156: 0520-RKH(41/112L)(soleado) es creado en el parking
19-06-2024 22:33:04 INFO  Main:156: 0051-PXS(36/75L)(nieve) es creado en el parking
19-06-2024 22:33:05 INFO  Main:156: 0521-RLR(45/77L)(lluvia) es creado en el parking
19-06-2024 22:33:06 INFO  Main:156: 0522-HYT(33/81L)(nieve) es creado en el parking
19-06-2024 22:33:07 INFO  Main:156: 0523-PPN(37/89L)(nieve) es creado en el parking
19-06-2024 22:33:07 INFO  Main:156: 0052-KBJ(32/115L)(nieve) es creado en el parking
19-06-2024 22:33:08 INFO  Main:156: 0053-VNF(30/113L)(nieve) es creado en el parking
19-06-2024 22:33:09 INFO  Main:156: 0524-FHM(25/82L)(soleado) es creado en el parking
19-06-2024 22:33:10 INFO  Main:156: 0054-PCL(45/127L)(lluvia) es creado en el parking
19-06-2024 22:33:11 INFO  Main:156: 0055-PZV(49/84L)(soleado) es creado en el parking
19-06-2024 22:33:12 INFO  Main:156: 0525-RJR(42/112L)(soleado) es creado en el parking
19-06-2024 22:33:12 INFO  Main:156: 0056-YMM(25/124L)(lluvia) es creado en el parking
19-06-2024 22:33:13 INFO  Main:156: 0526-RPR(37/117L)(lluvia) es creado en el parking
19-06-2024 22:33:14 INFO  Main:156: 0527-WVL(25/89L)(nieve) es creado en el parking
19-06-2024 22:33:15 INFO  Main:156: 0528-JLY(45/83L)(nieve) es creado en el parking
19-06-2024 22:33:15 INFO  Main:156: 0057-QDL(41/122L)(lluvia) es creado en el parking
19-06-2024 22:33:17 INFO  Main:156: 0529-JJS(46/94L)(lluvia) es creado en el parking
19-06-2024 22:33:18 INFO  Main:156: 0530-FBK(48/76L)(nieve) es creado en el parking
19-06-2024 22:33:18 INFO  Main:156: 0058-YNF(33/75L)(nieve) es creado en el parking
19-06-2024 22:33:19 INFO  Main:156: 0059-KYM(42/117L)(nieve) es creado en el parking
19-06-2024 22:33:20 INFO  Main:156: 0060-DLV(36/127L)(lluvia) es creado en el parking
19-06-2024 22:33:21 INFO  Main:156: 0531-WVK(44/119L)(nieve) es creado en el parking
19-06-2024 22:33:22 INFO  Main:156: 0532-FJY(44/87L)(nieve) es creado en el parking
19-06-2024 22:33:22 INFO  Main:156: 0061-HZD(33/119L)(nieve) es creado en el parking
19-06-2024 22:33:24 INFO  Main:156: 0533-LRH(28/114L)(nieve) es creado en el parking
19-06-2024 22:33:26 INFO  Main:156: 0534-NFX(30/93L)(soleado) es creado en el parking
19-06-2024 22:33:27 INFO  Main:156: 0535-QXG(40/77L)(lluvia) es creado en el parking
19-06-2024 22:33:30 INFO  Main:156: 0536-STX(47/89L)(soleado) es creado en el parking
19-06-2024 22:33:33 INFO  Main:156: 0537-TYS(27/91L)(lluvia) es creado en el parking
19-06-2024 22:33:35 INFO  Main:156: 0538-TFG(34/119L)(lluvia) es creado en el parking
19-06-2024 22:33:36 INFO  Main:156: 0539-BQP(40/119L)(nieve) es creado en el parking
19-06-2024 22:33:38 INFO  Main:156: 0540-SRM(40/87L)(lluvia) es creado en el parking
19-06-2024 22:33:40 INFO  Main:156: 0541-XQG(34/112L)(soleado) es creado en el parking
19-06-2024 22:33:41 INFO  Main:156: 0542-FNS(34/97L)(nieve) es creado en el parking
19-06-2024 22:33:43 INFO  Main:156: 0543-CDL(34/98L)(nieve) es creado en el parking
19-06-2024 22:33:46 INFO  Main:156: 0544-ZFQ(31/88L)(soleado) es creado en el parking
19-06-2024 22:33:48 INFO  Main:156: 0545-SXK(47/96L)(soleado) es creado en el parking
19-06-2024 22:33:50 INFO  Main:156: 0546-CXY(35/101L)(nieve) es creado en el parking
19-06-2024 22:33:51 INFO  Main:156: 0547-KYN(31/76L)(lluvia) es creado en el parking
19-06-2024 22:33:53 INFO  Main:156: 0548-FXK(33/77L)(soleado) es creado en el parking
19-06-2024 22:33:54 INFO  Main:156: 0549-SPD(26/83L)(lluvia) es creado en el parking
19-06-2024 22:33:57 INFO  Main:156: 0550-BCN(29/82L)(soleado) es creado en el parking
19-06-2024 22:33:58 INFO  Main:156: 0551-MLL(27/107L)(nieve) es creado en el parking
19-06-2024 22:33:59 INFO  Main:156: 0552-LSH(46/123L)(nieve) es creado en el parking
19-06-2024 22:34:00 INFO  Main:156: 0553-VPN(33/87L)(nieve) es creado en el parking
19-06-2024 22:34:03 INFO  Main:156: 0554-NHS(33/115L)(nieve) es creado en el parking
19-06-2024 22:34:05 INFO  Main:156: 0555-RBN(29/92L)(nieve) es creado en el parking
19-06-2024 22:34:08 INFO  Main:156: 0556-CFH(47/85L)(lluvia) es creado en el parking
19-06-2024 22:34:08 INFO  Main:156: 0557-KVK(36/95L)(soleado) es creado en el parking
19-06-2024 22:34:09 INFO  Main:156: 0558-BCL(34/96L)(lluvia) es creado en el parking
19-06-2024 22:34:10 INFO  Main:156: 0001-SVK(40/98L)(soleado) es creado en el parking
19-06-2024 22:34:12 INFO  Main:156: 0559-PZP(29/98L)(soleado) es creado en el parking
19-06-2024 22:34:13 INFO  Main:156: 0002-TBX(40/86L)(nieve) es creado en el parking
19-06-2024 22:34:14 INFO  Main:156: 0003-WNQ(44/114L)(soleado) es creado en el parking
19-06-2024 22:34:14 INFO  Main:156: 0560-SLR(37/121L)(lluvia) es creado en el parking
19-06-2024 22:34:15 INFO  Main:156: 0561-JZG(43/119L)(nieve) es creado en el parking
19-06-2024 22:34:17 INFO  Main:156: 0004-XWH(37/99L)(soleado) es creado en el parking
19-06-2024 22:34:17 INFO  Main:156: 0562-ZTY(45/75L)(lluvia) es creado en el parking
19-06-2024 22:34:18 INFO  Main:156: 0563-XKP(38/117L)(lluvia) es creado en el parking
19-06-2024 22:34:19 INFO  Main:156: 0005-JKL(47/86L)(nieve) es creado en el parking
19-06-2024 22:34:20 INFO  Main:156: 0006-TYY(41/125L)(nieve) es creado en el parking
19-06-2024 22:34:20 INFO  Main:156: 0564-LWT(49/125L)(lluvia) es creado en el parking
19-06-2024 22:34:22 INFO  Main:156: 0565-JXZ(44/110L)(nieve) es creado en el parking
19-06-2024 22:34:23 INFO  Main:156: 0007-WJP(27/91L)(nieve) es creado en el parking
19-06-2024 22:34:23 INFO  Main:156: 0566-MHR(32/107L)(lluvia) es creado en el parking
19-06-2024 22:34:24 INFO  Main:156: 0008-CXB(36/87L)(soleado) es creado en el parking
19-06-2024 22:34:26 INFO  Main:156: 0567-FRC(41/105L)(lluvia) es creado en el parking
19-06-2024 22:34:27 INFO  Main:156: 0568-MYK(45/112L)(lluvia) es creado en el parking
19-06-2024 22:34:38 INFO  Main:156: 0001-BPC(29/110L)(nieve) es creado en el parking
19-06-2024 22:34:39 INFO  Main:156: 0002-TRK(35/103L)(soleado) es creado en el parking
19-06-2024 22:34:40 INFO  Main:156: 0003-JHT(41/102L)(lluvia) es creado en el parking
19-06-2024 22:34:41 INFO  Main:156: 0004-GVL(32/105L)(lluvia) es creado en el parking
19-06-2024 22:34:44 INFO  Main:156: 0005-BMP(49/120L)(soleado) es creado en el parking
19-06-2024 22:34:46 INFO  Main:156: 0006-DWR(32/90L)(lluvia) es creado en el parking
19-06-2024 22:34:49 INFO  Main:156: 0007-YQW(47/106L)(soleado) es creado en el parking
19-06-2024 22:34:52 INFO  Main:156: 0008-ZBM(32/77L)(lluvia) es creado en el parking
19-06-2024 22:34:53 INFO  Main:156: 0009-SRV(49/92L)(soleado) es creado en el parking
19-06-2024 22:34:55 INFO  Main:156: 0010-VGD(30/121L)(lluvia) es creado en el parking
19-06-2024 22:34:56 INFO  Main:156: 0011-CHK(37/81L)(soleado) es creado en el parking
19-06-2024 22:35:18 INFO  Main:156: 0012-GPM(41/79L)(lluvia) es creado en el parking
19-06-2024 22:35:20 INFO  Main:156: 0013-HNP(28/82L)(soleado) es creado en el parking
19-06-2024 22:35:21 INFO  Main:156: 0014-CMP(39/120L)(soleado) es creado en el parking
19-06-2024 22:35:22 INFO  Main:156: 0015-KVL(48/79L)(soleado) es creado en el parking
19-06-2024 22:35:24 INFO  Main:156: 0016-VHJ(39/95L)(nieve) es creado en el parking
19-06-2024 22:35:27 INFO  Main:156: 0017-BPG(39/126L)(lluvia) es creado en el parking
19-06-2024 22:35:28 INFO  Main:156: 0018-BVY(32/105L)(soleado) es creado en el parking
19-06-2024 22:35:29 INFO  Main:156: 0019-RRC(26/75L)(soleado) es creado en el parking
19-06-2024 22:35:32 INFO  Main:156: 0020-YQD(47/81L)(soleado) es creado en el parking
19-06-2024 22:35:33 INFO  Main:156: 0021-TYQ(49/121L)(nieve) es creado en el parking
19-06-2024 22:35:35 INFO  Main:156: 0022-PKR(41/82L)(soleado) es creado en el parking
19-06-2024 22:35:37 INFO  Main:156: 0023-TQP(42/115L)(lluvia) es creado en el parking
19-06-2024 22:35:58 INFO  Main:156: 0024-NDQ(32/124L)(nieve) es creado en el parking
19-06-2024 22:36:01 INFO  Main:156: 0025-XZG(37/95L)(lluvia) es creado en el parking
19-06-2024 22:36:04 INFO  Main:156: 0026-SZH(48/76L)(lluvia) es creado en el parking
19-06-2024 22:36:07 INFO  Main:156: 0027-NZQ(38/119L)(lluvia) es creado en el parking
19-06-2024 22:36:09 INFO  Main:156: 0028-DKY(38/97L)(soleado) es creado en el parking
19-06-2024 22:36:12 INFO  Main:156: 0029-PLS(27/113L)(nieve) es creado en el parking
19-06-2024 22:36:15 INFO  Main:156: 0030-JRD(39/81L)(soleado) es creado en el parking
19-06-2024 22:36:16 INFO  Main:156: 0031-DST(41/121L)(nieve) es creado en el parking
19-06-2024 22:36:17 INFO  Main:156: 0032-SZB(36/101L)(soleado) es creado en el parking
19-06-2024 22:36:38 INFO  Main:156: 0033-HLF(43/126L)(soleado) es creado en el parking
19-06-2024 22:36:40 INFO  Main:156: 0034-BHH(29/125L)(soleado) es creado en el parking
19-06-2024 22:36:41 INFO  Main:156: 0035-PYZ(32/113L)(lluvia) es creado en el parking
19-06-2024 22:36:43 INFO  Main:156: 0036-WVF(34/108L)(nieve) es creado en el parking
19-06-2024 22:36:45 INFO  Main:156: 0037-PMP(28/76L)(lluvia) es creado en el parking
19-06-2024 22:36:46 INFO  Main:156: 0038-FQQ(48/93L)(lluvia) es creado en el parking
19-06-2024 22:36:47 INFO  Main:156: 0039-RSL(43/123L)(soleado) es creado en el parking
19-06-2024 22:36:50 INFO  Main:156: 0040-SSQ(44/91L)(nieve) es creado en el parking
19-06-2024 22:36:51 INFO  Main:156: 0041-BGG(39/118L)(lluvia) es creado en el parking
19-06-2024 22:36:54 INFO  Main:156: 0042-QNX(48/78L)(nieve) es creado en el parking
19-06-2024 22:36:56 INFO  Main:156: 0043-RBY(47/106L)(nieve) es creado en el parking
19-06-2024 22:36:57 INFO  Main:156: 0044-VPN(27/95L)(soleado) es creado en el parking
19-06-2024 22:36:59 INFO  Main:156: 0045-LYS(42/103L)(soleado) es creado en el parking
19-06-2024 22:37:00 INFO  Main:156: 0046-NGY(35/121L)(nieve) es creado en el parking
19-06-2024 22:37:01 INFO  Main:156: 0047-VCS(25/113L)(lluvia) es creado en el parking
19-06-2024 22:37:03 INFO  Main:156: 0048-SBT(49/86L)(soleado) es creado en el parking
19-06-2024 22:37:06 INFO  Main:156: 0049-CLM(37/92L)(lluvia) es creado en el parking
19-06-2024 22:37:08 INFO  Main:156: 0050-WGR(34/127L)(nieve) es creado en el parking
19-06-2024 22:37:09 INFO  Main:156: 0051-BYL(33/97L)(soleado) es creado en el parking
19-06-2024 22:37:12 INFO  Main:156: 0052-PFT(29/76L)(soleado) es creado en el parking
19-06-2024 22:37:15 INFO  Main:156: 0053-NKY(36/85L)(lluvia) es creado en el parking
19-06-2024 22:37:17 INFO  Main:156: 0054-BVR(25/128L)(nieve) es creado en el parking
19-06-2024 22:37:18 INFO  Main:156: 0055-WHD(44/85L)(nieve) es creado en el parking
19-06-2024 22:37:21 INFO  Main:156: 0056-DTZ(32/90L)(soleado) es creado en el parking
19-06-2024 22:37:22 INFO  Main:156: 0057-KRX(28/103L)(nieve) es creado en el parking
19-06-2024 22:37:25 INFO  Main:156: 0058-DRJ(44/116L)(soleado) es creado en el parking
19-06-2024 22:37:28 INFO  Main:156: 0059-RGQ(30/114L)(nieve) es creado en el parking
19-06-2024 22:37:29 INFO  Main:156: 0060-RJM(37/86L)(lluvia) es creado en el parking
19-06-2024 22:37:30 INFO  Main:156: 0061-GSH(41/105L)(lluvia) es creado en el parking
19-06-2024 22:37:33 INFO  Main:156: 0062-FPT(32/88L)(soleado) es creado en el parking
19-06-2024 22:37:35 INFO  Main:156: 0063-HTT(30/84L)(lluvia) es creado en el parking
19-06-2024 22:37:38 INFO  Main:156: 0064-RVN(48/89L)(soleado) es creado en el parking
19-06-2024 22:37:39 INFO  Main:156: 0065-FLN(40/81L)(nieve) es creado en el parking
19-06-2024 22:37:41 INFO  Main:156: 0066-QZZ(47/121L)(soleado) es creado en el parking
19-06-2024 22:37:44 INFO  Main:156: 0067-TCL(48/104L)(nieve) es creado en el parking
19-06-2024 22:37:46 INFO  Main:156: 0068-WZC(44/123L)(nieve) es creado en el parking
19-06-2024 22:37:47 INFO  Main:156: 0069-JPQ(45/104L)(lluvia) es creado en el parking
19-06-2024 22:37:48 INFO  Main:156: 0070-LCP(27/111L)(nieve) es creado en el parking
19-06-2024 22:37:51 INFO  Main:156: 0071-CJK(47/100L)(nieve) es creado en el parking
19-06-2024 22:37:54 INFO  Main:156: 0072-BQG(39/114L)(nieve) es creado en el parking
19-06-2024 22:37:56 INFO  Main:156: 0073-HKM(30/116L)(soleado) es creado en el parking
19-06-2024 22:37:59 INFO  Main:156: 0074-VNC(36/93L)(nieve) es creado en el parking
19-06-2024 22:38:01 INFO  Main:156: 0075-ZKJ(36/99L)(soleado) es creado en el parking
19-06-2024 22:38:03 INFO  Main:156: 0076-GDX(47/100L)(lluvia) es creado en el parking
19-06-2024 22:38:05 INFO  Main:156: 0077-QLG(37/111L)(soleado) es creado en el parking
19-06-2024 22:38:08 INFO  Main:156: 0078-SBX(47/88L)(soleado) es creado en el parking
19-06-2024 22:38:11 INFO  Main:156: 0079-MVN(32/78L)(nieve) es creado en el parking
19-06-2024 22:38:14 INFO  Main:156: 0080-XNX(25/109L)(lluvia) es creado en el parking
19-06-2024 22:38:17 INFO  Main:156: 0081-SNZ(48/82L)(nieve) es creado en el parking
19-06-2024 22:39:02 INFO  Main:156: 0001-KTH(41/98L)(lluvia) es creado en el parking
19-06-2024 22:39:04 INFO  Main:156: 0002-KSH(37/113L)(lluvia) es creado en el parking
19-06-2024 22:39:05 INFO  Main:156: 0003-NQB(29/116L)(lluvia) es creado en el parking
19-06-2024 22:39:07 INFO  Main:156: 0004-RYX(33/91L)(nieve) es creado en el parking
19-06-2024 22:39:09 INFO  Main:156: 0005-LVY(35/118L)(soleado) es creado en el parking
19-06-2024 22:39:11 INFO  Main:156: 0006-VTD(42/75L)(soleado) es creado en el parking
19-06-2024 22:39:12 INFO  Main:156: 0007-ZCC(32/99L)(lluvia) es creado en el parking
19-06-2024 22:39:14 INFO  Main:156: 0008-YBQ(41/88L)(nieve) es creado en el parking
19-06-2024 22:39:17 INFO  Main:156: 0009-VWC(26/113L)(nieve) es creado en el parking
19-06-2024 22:39:18 INFO  Main:156: 0010-KZQ(25/92L)(lluvia) es creado en el parking
19-06-2024 22:39:21 INFO  Main:156: 0011-ZLM(25/87L)(nieve) es creado en el parking
19-06-2024 22:39:42 INFO  Main:156: 0012-YQC(49/96L)(nieve) es creado en el parking
19-06-2024 22:39:45 INFO  Main:156: 0013-NVF(30/115L)(soleado) es creado en el parking
19-06-2024 22:39:47 INFO  Main:156: 0014-FYT(34/90L)(nieve) es creado en el parking
19-06-2024 22:39:48 INFO  Main:156: 0015-LYR(25/82L)(nieve) es creado en el parking
19-06-2024 22:39:51 INFO  Main:156: 0016-MBW(31/88L)(nieve) es creado en el parking
19-06-2024 22:39:52 INFO  Main:156: 0017-JSK(38/121L)(soleado) es creado en el parking
19-06-2024 22:39:55 INFO  Main:156: 0018-PTL(44/95L)(nieve) es creado en el parking
19-06-2024 22:39:56 INFO  Main:156: 0019-CND(40/111L)(soleado) es creado en el parking
19-06-2024 22:39:59 INFO  Main:156: 0020-HMC(31/95L)(soleado) es creado en el parking
19-06-2024 22:40:00 INFO  Main:156: 0021-JDN(44/86L)(nieve) es creado en el parking
19-06-2024 22:40:01 INFO  Main:156: 0022-XGC(49/85L)(soleado) es creado en el parking
19-06-2024 22:40:30 INFO  Main:156: 0001-CRK(36/84L)(nieve) es creado en el parking
19-06-2024 22:40:32 INFO  Main:156: 0002-HQL(36/118L)(nieve) es creado en el parking
19-06-2024 22:40:35 INFO  Main:156: 0003-NHY(36/107L)(nieve) es creado en el parking
19-06-2024 22:40:36 INFO  Main:156: 0004-MHN(27/128L)(nieve) es creado en el parking
19-06-2024 22:40:38 INFO  Main:156: 0005-HFX(48/101L)(nieve) es creado en el parking
19-06-2024 22:40:41 INFO  Main:156: 0006-MBV(34/112L)(soleado) es creado en el parking
19-06-2024 22:40:42 INFO  Main:156: 0007-NCD(45/108L)(nieve) es creado en el parking
19-06-2024 22:40:45 INFO  Main:156: 0008-CDW(35/77L)(lluvia) es creado en el parking
19-06-2024 22:40:48 INFO  Main:156: 0009-JDD(39/93L)(soleado) es creado en el parking
19-06-2024 22:40:49 INFO  Main:156: 0010-DGT(49/94L)(lluvia) es creado en el parking
19-06-2024 22:41:10 INFO  Main:156: 0011-YMX(43/110L)(nieve) es creado en el parking
19-06-2024 22:41:13 INFO  Main:156: 0012-RYP(32/127L)(nieve) es creado en el parking
19-06-2024 22:41:14 INFO  Main:156: 0013-QSL(39/95L)(nieve) es creado en el parking
19-06-2024 22:41:15 INFO  Main:156: 0014-QKD(25/89L)(soleado) es creado en el parking
19-06-2024 22:41:17 INFO  Main:156: 0015-QQX(27/94L)(soleado) es creado en el parking
19-06-2024 22:41:19 INFO  Main:156: 0016-VZB(48/96L)(lluvia) es creado en el parking
19-06-2024 22:41:22 INFO  Main:156: 0017-RTL(27/107L)(soleado) es creado en el parking
19-06-2024 22:41:25 INFO  Main:156: 0018-LBY(26/122L)(nieve) es creado en el parking
19-06-2024 22:41:28 INFO  Main:156: 0019-LZD(25/80L)(nieve) es creado en el parking
19-06-2024 22:41:50 INFO  Main:156: 0020-ZHM(32/86L)(lluvia) es creado en el parking
19-06-2024 22:41:52 INFO  Main:156: 0021-GSS(37/98L)(soleado) es creado en el parking
19-06-2024 22:41:55 INFO  Main:156: 0022-XTF(47/90L)(soleado) es creado en el parking
19-06-2024 22:41:57 INFO  Main:156: 0023-VWN(37/78L)(soleado) es creado en el parking
19-06-2024 22:41:58 INFO  Main:156: 0024-YWL(43/119L)(soleado) es creado en el parking
19-06-2024 22:42:01 INFO  Main:156: 0025-VNL(35/83L)(nieve) es creado en el parking
19-06-2024 22:42:02 INFO  Main:156: 0026-VJS(29/119L)(nieve) es creado en el parking
19-06-2024 22:42:05 INFO  Main:156: 0027-DPV(39/113L)(soleado) es creado en el parking
19-06-2024 22:42:07 INFO  Main:156: 0028-NCK(34/89L)(nieve) es creado en el parking
19-06-2024 22:42:08 INFO  Main:156: 0029-VQM(43/84L)(lluvia) es creado en el parking
19-06-2024 22:42:09 INFO  Main:156: 0030-PGK(29/76L)(nieve) es creado en el parking
19-06-2024 22:42:30 INFO  Main:156: 0031-KCG(33/78L)(soleado) es creado en el parking
19-06-2024 22:42:32 INFO  Main:156: 0032-STV(36/128L)(lluvia) es creado en el parking
19-06-2024 22:42:34 INFO  Main:156: 0033-TGZ(30/124L)(lluvia) es creado en el parking
19-06-2024 22:42:35 INFO  Main:156: 0034-SNC(39/112L)(nieve) es creado en el parking
19-06-2024 22:42:36 INFO  Main:156: 0035-RRQ(40/100L)(soleado) es creado en el parking
19-06-2024 22:42:39 INFO  Main:156: 0036-MSP(47/101L)(nieve) es creado en el parking
19-06-2024 22:42:49 INFO  Main:156: 0001-PHC(35/93L)(soleado) es creado en el parking
19-06-2024 22:42:50 INFO  Main:156: 0002-CSF(35/89L)(nieve) es creado en el parking
19-06-2024 22:42:51 INFO  Main:156: 0003-PBN(30/103L)(lluvia) es creado en el parking
19-06-2024 22:42:52 INFO  Main:156: 0004-LQF(38/105L)(soleado) es creado en el parking
19-06-2024 22:42:53 INFO  Main:156: 0005-CRL(43/88L)(soleado) es creado en el parking
19-06-2024 22:42:55 INFO  Main:156: 0006-CVB(27/86L)(lluvia) es creado en el parking
19-06-2024 22:42:57 INFO  Main:156: 0007-KDD(40/93L)(soleado) es creado en el parking
19-06-2024 22:42:58 INFO  Main:156: 0008-HTZ(28/86L)(lluvia) es creado en el parking
19-06-2024 22:43:01 INFO  Main:156: 0009-DVP(35/85L)(lluvia) es creado en el parking
19-06-2024 22:43:02 INFO  Main:156: 0010-ZSN(41/89L)(nieve) es creado en el parking
19-06-2024 22:43:05 INFO  Main:156: 0011-HXX(47/88L)(lluvia) es creado en el parking
19-06-2024 22:43:06 INFO  Main:156: 0012-MKS(36/82L)(lluvia) es creado en el parking
19-06-2024 22:43:08 INFO  Main:156: 0013-QDW(35/81L)(soleado) es creado en el parking
19-06-2024 22:43:29 INFO  Main:156: 0014-FPF(31/92L)(soleado) es creado en el parking
19-06-2024 22:43:32 INFO  Main:156: 0015-YMR(31/78L)(soleado) es creado en el parking
19-06-2024 22:43:35 INFO  Main:156: 0016-PGB(34/92L)(soleado) es creado en el parking
19-06-2024 22:43:38 INFO  Main:156: 0017-BBP(40/97L)(lluvia) es creado en el parking
19-06-2024 22:43:39 INFO  Main:156: 0018-NNL(33/95L)(soleado) es creado en el parking
19-06-2024 22:43:42 INFO  Main:156: 0019-GMK(38/129L)(nieve) es creado en el parking
19-06-2024 22:43:44 INFO  Main:156: 0020-DVH(34/101L)(soleado) es creado en el parking
19-06-2024 22:43:45 INFO  Main:156: 0021-YMR(47/115L)(nieve) es creado en el parking
19-06-2024 22:43:48 INFO  Main:156: 0022-NBT(26/128L)(nieve) es creado en el parking
19-06-2024 22:44:09 INFO  Main:156: 0023-CLD(42/124L)(soleado) es creado en el parking
19-06-2024 22:44:10 INFO  Main:156: 0024-CXF(46/94L)(soleado) es creado en el parking
19-06-2024 22:44:13 INFO  Main:156: 0025-PQZ(26/122L)(soleado) es creado en el parking
19-06-2024 22:44:15 INFO  Main:156: 0026-GTR(39/88L)(soleado) es creado en el parking
19-06-2024 22:44:16 INFO  Main:156: 0027-FFL(49/75L)(nieve) es creado en el parking
19-06-2024 22:44:17 INFO  Main:156: 0028-KBZ(45/101L)(lluvia) es creado en el parking
19-06-2024 22:44:21 INFO  Main:156: 0029-ZQF(36/120L)(nieve) es creado en el parking
19-06-2024 22:44:24 INFO  Main:156: 0030-FFF(32/108L)(soleado) es creado en el parking
19-06-2024 22:53:11 INFO  Main:156: 0001-MFS(26/124L)(nieve) es creado en el parking
19-06-2024 22:53:13 INFO  Main:156: 0002-DGS(42/114L)(soleado) es creado en el parking
19-06-2024 22:53:15 INFO  Main:156: 0003-LST(34/107L)(lluvia) es creado en el parking
19-06-2024 22:53:18 INFO  Main:156: 0004-CSM(32/128L)(nieve) es creado en el parking
19-06-2024 22:53:21 INFO  Main:156: 0005-ZJT(43/121L)(lluvia) es creado en el parking
19-06-2024 22:53:23 INFO  Main:156: 0006-PYC(39/77L)(lluvia) es creado en el parking
19-06-2024 22:53:25 INFO  Main:156: 0007-LBT(28/95L)(lluvia) es creado en el parking
19-06-2024 22:53:27 INFO  Main:156: 0008-DYQ(31/75L)(lluvia) es creado en el parking
19-06-2024 22:53:30 INFO  Main:156: 0009-FWJ(49/101L)(nieve) es creado en el parking
19-06-2024 22:53:51 INFO  Main:156: 0010-SZM(36/103L)(nieve) es creado en el parking
19-06-2024 22:53:52 INFO  Main:156: 0011-TYS(37/127L)(soleado) es creado en el parking
19-06-2024 22:53:54 INFO  Main:156: 0012-TZR(29/121L)(soleado) es creado en el parking
19-06-2024 22:53:56 INFO  Main:156: 0013-BPQ(31/92L)(soleado) es creado en el parking
19-06-2024 22:53:58 INFO  Main:156: 0014-ZQS(35/105L)(soleado) es creado en el parking
19-06-2024 22:54:00 INFO  Main:156: 0015-BKZ(31/81L)(nieve) es creado en el parking
19-06-2024 22:54:03 INFO  Main:156: 0016-GRK(36/123L)(lluvia) es creado en el parking
19-06-2024 22:54:05 INFO  Main:156: 0017-HBV(32/121L)(nieve) es creado en el parking
19-06-2024 22:54:07 INFO  Main:156: 0018-HKS(42/98L)(nieve) es creado en el parking
19-06-2024 22:54:10 INFO  Main:156: 0019-ZFF(45/94L)(lluvia) es creado en el parking
19-06-2024 22:54:31 INFO  Main:156: 0020-GCW(49/84L)(soleado) es creado en el parking
19-06-2024 22:54:34 INFO  Main:156: 0021-FSD(39/82L)(lluvia) es creado en el parking
19-06-2024 22:54:35 INFO  Main:156: 0022-LMH(48/102L)(nieve) es creado en el parking
19-06-2024 22:54:36 INFO  Main:156: 0023-KTF(45/98L)(nieve) es creado en el parking
19-06-2024 22:54:39 INFO  Main:156: 0024-VZB(29/97L)(lluvia) es creado en el parking
19-06-2024 22:54:42 INFO  Main:156: 0025-DJM(41/117L)(soleado) es creado en el parking
19-06-2024 22:54:45 INFO  Main:156: 0026-PGX(47/115L)(lluvia) es creado en el parking
19-06-2024 22:54:47 INFO  Main:156: 0027-BQL(43/97L)(lluvia) es creado en el parking
19-06-2024 22:54:50 INFO  Main:156: 0028-FMP(41/120L)(lluvia) es creado en el parking
