20-06-2024 18:10:10 INFO  Main:374: CC-0001(771/1000L) ha llenado su tanque en la ciudad
20-06-2024 18:10:10 INFO  Main:374: 0001-QHQ(28/77L)(nieve) es creado en el parking
20-06-2024 18:10:12 INFO  Main:374: 0002-QDP(37/124L)(soleado) es creado en el parking
20-06-2024 18:10:12 INFO  Main:374: CC-0002(784/1000L) ha llenado su tanque en la ciudad
20-06-2024 18:10:13 INFO  Main:374: 0003-TMJ(44/75L)(lluvia) es creado en el parking
20-06-2024 18:10:14 INFO  Main:374: CC-0003(622/1000L) ha llenado su tanque en la ciudad
20-06-2024 18:10:15 INFO  Main:374: 0004-XHW(35/107L)(soleado) es creado en el parking
20-06-2024 18:10:16 INFO  Main:374: 0005-BCK(39/85L)(lluvia) es creado en el parking
20-06-2024 18:10:17 INFO  Main:374: CC-0004(696/1000L) ha llenado su tanque en la ciudad
20-06-2024 18:10:17 INFO  Main:374: 0006-MYB(36/81L)(nieve) es creado en el parking
20-06-2024 18:10:20 INFO  Main:374: CC-0001(771/1000L) esta descansando en el parking
20-06-2024 18:10:20 INFO  Main:374: 0007-HDG(38/75L)(soleado) es creado en el parking
20-06-2024 18:10:21 INFO  Main:374: CC-0005(751/1000L) ha llenado su tanque en la ciudad
20-06-2024 18:10:23 INFO  Main:374: 0008-HBS(39/92L)(soleado) es creado en el parking
20-06-2024 18:10:24 INFO  Main:374: CC-0002(784/1000L) esta descansando en el parking
20-06-2024 18:10:25 INFO  Main:374: CC-0006(645/1000L) ha llenado su tanque en la ciudad
20-06-2024 18:10:26 INFO  Main:374: 0009-VDJ(25/101L)(lluvia) es creado en el parking
20-06-2024 18:10:27 INFO  Main:374: CC-0003(622/1000L) esta descansando en el parking
20-06-2024 18:10:27 INFO  Main:374: 0010-JCM(26/107L)(soleado) es creado en el parking
20-06-2024 18:10:28 INFO  Main:374: 0011-SNY(47/79L)(nieve) es creado en el parking
20-06-2024 18:10:29 INFO  Main:374: CC-0007(805/1000L) ha llenado su tanque en la ciudad
20-06-2024 18:10:29 INFO  Main:374: 0012-RGC(27/81L)(nieve) es creado en el parking
20-06-2024 18:10:30 INFO  Main:374: CC-0004(696/1000L) esta descansando en el parking
20-06-2024 18:10:31 INFO  Main:374: CC-0005(751/1000L) esta descansando en el parking
20-06-2024 18:10:32 INFO  Main:374: 0013-HHG(33/87L)(nieve) es creado en el parking
20-06-2024 18:10:33 INFO  Main:374: CC-0008(862/1000L) ha llenado su tanque en la ciudad
20-06-2024 18:10:33 INFO  Main:374: 0014-BVD(49/118L)(nieve) es creado en el parking
20-06-2024 18:10:35 INFO  Main:374: 0015-RJN(30/108L)(nieve) es creado en el parking
20-06-2024 18:10:36 INFO  Main:374: 0016-QQS(43/115L)(soleado) es creado en el parking
20-06-2024 18:10:37 INFO  Main:374: CC-0009(890/1000L) ha llenado su tanque en la ciudad
20-06-2024 18:10:38 INFO  Main:374: CC-0006(645/1000L) esta descansando en el parking
20-06-2024 18:10:39 INFO  Main:374: 0017-FQG(26/114L)(soleado) es creado en el parking
20-06-2024 18:10:41 INFO  Main:374: CC-0010(574/1000L) ha llenado su tanque en la ciudad
20-06-2024 18:10:41 INFO  Main:374: 0003-TMJ(44/75L)(lluvia) esta cruzando el puente en direccion true
20-06-2024 18:10:41 INFO  Main:374: 0011-SNY(47/79L)(nieve) esta cruzando el puente en direccion true
20-06-2024 18:10:41 INFO  Main:374: CC-0003(622/1000L) esta cruzando el puente en direccion true
20-06-2024 18:10:41 INFO  Main:374: 0005-BCK(39/85L)(lluvia) esta cruzando el puente en direccion true
20-06-2024 18:10:41 INFO  Main:374: CC-0001(771/1000L) esta cruzando el puente en direccion true
20-06-2024 18:10:41 INFO  Main:374: 0009-VDJ(25/101L)(lluvia) esta cruzando el puente en direccion true
20-06-2024 18:10:41 INFO  Main:374: 0007-HDG(38/75L)(soleado) esta cruzando el puente en direccion true
20-06-2024 18:10:41 INFO  Main:374: CC-0005(751/1000L) esta cruzando el puente en direccion true
20-06-2024 18:10:41 INFO  Main:374: 0001-QHQ(28/77L)(nieve) esta cruzando el puente en direccion true
20-06-2024 18:10:41 INFO  Main:374: 0013-HHG(33/87L)(nieve) esta cruzando el puente en direccion true
20-06-2024 18:10:42 INFO  Main:374: 0018-QTZ(41/104L)(nieve) es creado en el parking
20-06-2024 18:10:43 INFO  Main:374: CC-0011(748/1000L) ha llenado su tanque en la ciudad
20-06-2024 18:10:44 INFO  Main:374: CC-0007(805/1000L) esta descansando en el parking
20-06-2024 18:10:44 INFO  Main:374: 0002-QDP(37/124L)(soleado) esta cruzando el puente en direccion true
20-06-2024 18:10:44 INFO  Main:374: 0004-XHW(35/107L)(soleado) esta cruzando el puente en direccion true
20-06-2024 18:10:44 INFO  Main:374: 0006-MYB(36/81L)(nieve) esta cruzando el puente en direccion true
20-06-2024 18:10:44 INFO  Main:374: 0008-HBS(39/92L)(soleado) esta cruzando el puente en direccion true
20-06-2024 18:10:44 INFO  Main:374: CC-0002(784/1000L) esta cruzando el puente en direccion true
20-06-2024 18:10:44 INFO  Main:374: 0012-RGC(27/81L)(nieve) esta cruzando el puente en direccion true
20-06-2024 18:10:44 INFO  Main:374: CC-0004(696/1000L) esta cruzando el puente en direccion true
20-06-2024 18:10:44 INFO  Main:374: 0014-BVD(49/118L)(nieve) esta cruzando el puente en direccion true
20-06-2024 18:10:44 INFO  Main:374: 0010-JCM(26/107L)(soleado) esta cruzando el puente en direccion true
20-06-2024 18:10:44 INFO  Main:374: 0016-QQS(43/115L)(soleado) esta cruzando el puente en direccion true
20-06-2024 18:10:44 INFO  Main:374: 0019-FPZ(48/103L)(lluvia) es creado en el parking
20-06-2024 18:10:45 INFO  Main:374: CC-0012(912/1000L) ha llenado su tanque en la ciudad
20-06-2024 18:10:46 INFO  Main:374: 0020-KRS(41/76L)(nieve) es creado en el parking
20-06-2024 18:10:47 INFO  Main:374: CC-0008(862/1000L) esta descansando en el parking
20-06-2024 18:10:47 INFO  Main:374: CC-0013(919/1000L) ha llenado su tanque en la ciudad
20-06-2024 18:10:48 INFO  Main:374: 0021-JFT(39/88L)(lluvia) es creado en el parking
20-06-2024 18:10:49 INFO  Main:374: CC-0014(546/1000L) ha llenado su tanque en la ciudad
20-06-2024 18:10:49 INFO  Main:374: 0009-VDJ(25/101L)(lluvia) está repostando 65 litros.
20-06-2024 18:10:50 INFO  Main:374: CC-0009(890/1000L) esta descansando en el parking
20-06-2024 18:10:50 INFO  Main:374: 0003-TMJ(44/75L)(lluvia) está en la cola del tramo 3
20-06-2024 18:10:51 INFO  Main:374: CC-0015(801/1000L) ha llenado su tanque en la ciudad
20-06-2024 18:10:51 INFO  Main:374: 0022-GCL(44/78L)(soleado) es creado en el parking
20-06-2024 18:10:51 INFO  Main:374: 0007-HDG(38/75L)(soleado) está en la cola del tramo 4
20-06-2024 18:10:51 INFO  Main:374: 0011-SNY(47/79L)(nieve) está en la cola del tramo 4
20-06-2024 18:10:52 INFO  Main:374: CC-0004 está llenando la gasolinera con 696 litros.
20-06-2024 18:10:52 INFO  Main:374: CC-0003 está llenando la gasolinera con 622 litros.
20-06-2024 18:10:52 INFO  Main:374: 0009-VDJ(65/101L)(lluvia) está en la cola del tramo 3
20-06-2024 18:10:52 INFO  Main:374: 0003-TMJ(44/75L)(lluvia) accede al sector 1 del tramo 3 (clima:soleado)
20-06-2024 18:10:52 INFO  Main:374: 0007-HDG(38/75L)(soleado) accede al sector 1 del tramo 4 (clima:soleado)
20-06-2024 18:10:53 INFO  Main:374: CC-0010(574/1000L) esta descansando en el parking
20-06-2024 18:10:54 INFO  Main:374: CC-0012(912/1000L) esta descansando en el parking
20-06-2024 18:10:54 INFO  Main:374: 0011-SNY(47/79L)(nieve) accede al sector 1 del tramo 4 (clima:soleado)
20-06-2024 18:10:54 INFO  Main:374: CC-0016(752/1000L) ha llenado su tanque en la ciudad
20-06-2024 18:10:54 INFO  Main:374: 0023-ZJS(26/86L)(soleado) es creado en el parking
20-06-2024 18:10:54 INFO  Main:374: 0009-VDJ(65/101L)(lluvia) accede al sector 1 del tramo 3 (clima:soleado)
20-06-2024 18:10:55 INFO  Main:374: CC-0011(748/1000L) esta descansando en el parking
20-06-2024 18:10:56 INFO  Main:374: CC-0013(919/1000L) esta descansando en el parking
20-06-2024 18:10:57 INFO  Main:374: CC-0017(666/1000L) ha llenado su tanque en la ciudad
20-06-2024 18:10:57 INFO  Main:374: 0024-JCM(32/122L)(nieve) es creado en el parking
20-06-2024 18:10:57 INFO  Main:374: 0005-BCK(39/85L)(lluvia) está repostando 16 litros.
20-06-2024 18:10:59 INFO  Main:374: 0025-JPC(42/76L)(lluvia) es creado en el parking
20-06-2024 18:11:00 INFO  Main:374: CC-0018(568/1000L) ha llenado su tanque en la ciudad
20-06-2024 18:11:00 INFO  Main:374: 0010-JCM(26/107L)(soleado) está repostando 26 litros.
20-06-2024 18:11:01 INFO  Main:374: 0005-BCK(16/85L)(lluvia) está en la cola del tramo 3
20-06-2024 18:11:01 INFO  Main:374: 0013-HHG(33/87L)(nieve) está repostando 39 litros.
20-06-2024 18:11:01 INFO  Main:374: 0007-HDG(38/75L)(soleado) accede al sector 2 del tramo 4 (clima:soleado)
20-06-2024 18:11:02 INFO  Main:374: 0026-HDS(27/79L)(nieve) es creado en el parking
20-06-2024 18:11:03 INFO  Main:374: CC-0014(546/1000L) esta descansando en el parking
20-06-2024 18:11:03 INFO  Main:374: 0008-HBS(39/92L)(soleado) está repostando 6 litros.
20-06-2024 18:11:03 INFO  Main:374: 0010-JCM(26/107L)(soleado) está en la cola del tramo 1
20-06-2024 18:11:03 INFO  Main:374: 0005-BCK(16/85L)(lluvia) accede al sector 1 del tramo 3 (clima:soleado)
20-06-2024 18:11:04 INFO  Main:374: CC-0019(882/1000L) ha llenado su tanque en la ciudad
20-06-2024 18:11:04 INFO  Main:374: CC-0005 está llenando la gasolinera con 751 litros.
20-06-2024 18:11:04 INFO  Main:374: 0013-HHG(39/87L)(nieve) está en la cola del tramo 3
20-06-2024 18:11:05 INFO  Main:374: 0027-XYZ(42/84L)(nieve) es creado en el parking
20-06-2024 18:11:05 INFO  Main:374: 0010-JCM(26/107L)(soleado) accede al sector 1 del tramo 1 (clima:soleado)
20-06-2024 18:11:06 INFO  Main:374: CC-0015(801/1000L) esta descansando en el parking
20-06-2024 18:11:06 INFO  Main:374: CC-0016(752/1000L) esta descansando en el parking
20-06-2024 18:11:06 INFO  Main:374: CC-0002 está llenando la gasolinera con 784 litros.
20-06-2024 18:11:06 INFO  Main:374: 0008-HBS(6/92L)(soleado) está en la cola del tramo 2
20-06-2024 18:11:06 INFO  Main:374: 0015-RJN(30/108L)(nieve) esta cruzando el puente en direccion true
20-06-2024 18:11:06 INFO  Main:374: CC-0007(805/1000L) esta cruzando el puente en direccion true
20-06-2024 18:11:06 INFO  Main:374: 0017-FQG(26/114L)(soleado) esta cruzando el puente en direccion true
20-06-2024 18:11:06 INFO  Main:374: 0019-FPZ(48/103L)(lluvia) esta cruzando el puente en direccion true
20-06-2024 18:11:06 INFO  Main:374: 0021-JFT(39/88L)(lluvia) esta cruzando el puente en direccion true
20-06-2024 18:11:06 INFO  Main:374: 0023-ZJS(26/86L)(soleado) esta cruzando el puente en direccion true
20-06-2024 18:11:06 INFO  Main:374: CC-0013(919/1000L) esta cruzando el puente en direccion true
20-06-2024 18:11:06 INFO  Main:374: CC-0011(748/1000L) esta cruzando el puente en direccion true
20-06-2024 18:11:06 INFO  Main:374: CC-0009(890/1000L) esta cruzando el puente en direccion true
20-06-2024 18:11:06 INFO  Main:374: 0025-JPC(42/76L)(lluvia) esta cruzando el puente en direccion true
20-06-2024 18:11:06 INFO  Main:374: 0013-HHG(39/87L)(nieve) accede al sector 1 del tramo 3 (clima:soleado)
20-06-2024 18:11:07 INFO  Main:374: 0008-HBS(6/92L)(soleado) accede al sector 1 del tramo 2 (clima:soleado)
20-06-2024 18:11:07 INFO  Main:374: 0007-HDG(38/75L)(soleado) accede al sector 3 del tramo 4 (clima:soleado)
20-06-2024 18:11:08 INFO  Main:374: CC-0020(645/1000L) ha llenado su tanque en la ciudad
20-06-2024 18:11:08 INFO  Main:374: 0028-RRW(30/126L)(nieve) es creado en el parking
20-06-2024 18:11:10 INFO  Main:374: 0029-YZX(38/82L)(soleado) es creado en el parking
20-06-2024 18:11:10 INFO  Main:374: CC-0001 está llenando la gasolinera con 771 litros.
20-06-2024 18:11:10 INFO  Main:374: 0003-TMJ(44/75L)(lluvia) accede al sector 2 del tramo 3 (clima:soleado)
20-06-2024 18:11:11 INFO  Main:374: CC-0006(645/1000L) esta cruzando el puente en direccion true
20-06-2024 18:11:11 INFO  Main:374: 0018-QTZ(41/104L)(nieve) esta cruzando el puente en direccion true
20-06-2024 18:11:11 INFO  Main:374: CC-0008(862/1000L) esta cruzando el puente en direccion true
20-06-2024 18:11:11 INFO  Main:374: 0020-KRS(41/76L)(nieve) esta cruzando el puente en direccion true
20-06-2024 18:11:11 INFO  Main:374: CC-0014(546/1000L) esta cruzando el puente en direccion true
20-06-2024 18:11:11 INFO  Main:374: 0026-HDS(27/79L)(nieve) esta cruzando el puente en direccion true
20-06-2024 18:11:11 INFO  Main:374: 0024-JCM(32/122L)(nieve) esta cruzando el puente en direccion true
20-06-2024 18:11:11 INFO  Main:374: CC-0012(912/1000L) esta cruzando el puente en direccion true
20-06-2024 18:11:11 INFO  Main:374: CC-0010(574/1000L) esta cruzando el puente en direccion true
20-06-2024 18:11:11 INFO  Main:374: 0022-GCL(44/78L)(soleado) esta cruzando el puente en direccion true
20-06-2024 18:11:11 INFO  Main:374: CC-0021(777/1000L) ha llenado su tanque en la ciudad
20-06-2024 18:11:11 INFO  Main:374: 0030-PSJ(36/86L)(soleado) es creado en el parking
20-06-2024 18:11:12 INFO  Main:374: CC-0017(666/1000L) esta descansando en el parking
20-06-2024 18:11:12 INFO  Main:374: 0008-HBS(6/92L)(soleado) accede al sector 2 del tramo 2 (clima:soleado)
20-06-2024 18:11:13 INFO  Main:374: 0007-HDG(38/75L)(soleado) accede al sector 4 del tramo 4 (clima:soleado)
20-06-2024 18:11:13 INFO  Main:374: 0031-YBN(39/125L)(lluvia) es creado en el parking
20-06-2024 18:11:14 INFO  Main:374: 0002-QDP(37/124L)(soleado) está repostando 67 litros.
20-06-2024 18:11:14 INFO  Main:374: 0025-JPC(42/76L)(lluvia) está en la cola del tramo 4
20-06-2024 18:11:14 INFO  Main:374: 0032-WRX(41/96L)(soleado) es creado en el parking
20-06-2024 18:11:14 INFO  Main:374: 0010-JCM(26/107L)(soleado) accede al sector 2 del tramo 1 (clima:soleado)
20-06-2024 18:11:14 INFO  Main:374: 0011-SNY(47/79L)(nieve) accede al sector 2 del tramo 4 (clima:soleado)
20-06-2024 18:11:15 INFO  Main:374: CC-0018(568/1000L) esta descansando en el parking
20-06-2024 18:11:15 INFO  Main:374: CC-0022(623/1000L) ha llenado su tanque en la ciudad
20-06-2024 18:11:16 INFO  Main:374: 0025-JPC(42/76L)(lluvia) accede al sector 1 del tramo 4 (clima:soleado)
20-06-2024 18:11:16 INFO  Main:374: 0009-VDJ(65/101L)(lluvia) accede al sector 2 del tramo 3 (clima:soleado)
20-06-2024 18:11:17 INFO  Main:374: 0008-HBS(6/92L)(soleado) accede al sector 3 del tramo 2 (clima:soleado)
20-06-2024 18:11:17 INFO  Main:374: CC-0019(882/1000L) esta descansando en el parking
20-06-2024 18:11:17 INFO  Main:374: 0004-XHW(35/107L)(soleado) está repostando 65 litros.
20-06-2024 18:11:17 INFO  Main:374: 0002-QDP(67/124L)(soleado) está en la cola del tramo 2
20-06-2024 18:11:17 INFO  Main:374: 0033-HNC(37/116L)(soleado) es creado en el parking
20-06-2024 18:11:18 INFO  Main:374: 0034-KPT(38/113L)(lluvia) es creado en el parking
20-06-2024 18:11:18 INFO  Main:374: 0001-QHQ(28/77L)(nieve) está repostando 32 litros.
20-06-2024 18:11:19 INFO  Main:374: 0002-QDP(67/124L)(soleado) accede al sector 1 del tramo 2 (clima:soleado)
20-06-2024 18:11:19 INFO  Main:374: CC-0023(616/1000L) ha llenado su tanque en la ciudad
20-06-2024 18:11:20 INFO  Main:374: 0020-KRS(41/76L)(nieve) está en la cola del tramo 2
20-06-2024 18:11:20 INFO  Main:374: 0014-BVD(49/118L)(nieve) está repostando 11 litros.
20-06-2024 18:11:20 INFO  Main:374: 0004-XHW(65/107L)(soleado) está en la cola del tramo 1
20-06-2024 18:11:20 INFO  Main:374: 0035-FGP(37/83L)(nieve) es creado en el parking
20-06-2024 18:11:21 INFO  Main:374: 0008-HBS(6/92L)(soleado) accede al sector 4 del tramo 2 (clima:soleado)
20-06-2024 18:11:21 INFO  Main:374: 0022-GCL(44/78L)(soleado) está en la cola del tramo 1
20-06-2024 18:11:21 INFO  Main:374: 0020-KRS(41/76L)(nieve) accede al sector 1 del tramo 2 (clima:soleado)
20-06-2024 18:11:21 INFO  Main:374: 0004-XHW(65/107L)(soleado) accede al sector 1 del tramo 1 (clima:soleado)
20-06-2024 18:11:22 INFO  Main:374: CC-0020(645/1000L) esta descansando en el parking
20-06-2024 18:11:22 INFO  Main:374: 0005-BCK(16/85L)(lluvia) accede al sector 2 del tramo 3 (clima:soleado)
20-06-2024 18:11:22 INFO  Main:374: CC-0024(530/1000L) ha llenado su tanque en la ciudad
20-06-2024 18:11:22 INFO  Main:374: 0010-JCM(26/107L)(soleado) accede al sector 3 del tramo 1 (clima:soleado)
20-06-2024 18:11:22 INFO  Main:374: 0017-FQG(26/114L)(soleado) está repostando 48 litros.
20-06-2024 18:11:22 INFO  Main:374: 0001-QHQ(32/77L)(nieve) está en la cola del tramo 3
20-06-2024 18:11:23 INFO  Main:374: 0022-GCL(44/78L)(soleado) accede al sector 1 del tramo 1 (clima:soleado)
20-06-2024 18:11:23 INFO  Main:374: CC-0022(623/1000L) esta descansando en el parking
20-06-2024 18:11:23 INFO  Main:374: CC-0021(777/1000L) esta descansando en el parking
20-06-2024 18:11:23 INFO  Main:374: 0016-QQS(43/115L)(soleado) está repostando 3 litros.
20-06-2024 18:11:23 INFO  Main:374: 0014-BVD(11/118L)(nieve) está en la cola del tramo 1
20-06-2024 18:11:23 INFO  Main:374: 0036-MWP(29/103L)(lluvia) es creado en el parking
20-06-2024 18:11:24 INFO  Main:374: CC-0025(732/1000L) ha llenado su tanque en la ciudad
20-06-2024 18:11:24 INFO  Main:374: 0002-QDP(67/124L)(soleado) accede al sector 2 del tramo 2 (clima:soleado)
20-06-2024 18:11:25 INFO  Main:374: 0014-BVD(11/118L)(nieve) accede al sector 1 del tramo 1 (clima:soleado)
20-06-2024 18:11:26 INFO  Main:374: 0037-CNM(29/89L)(soleado) es creado en el parking
20-06-2024 18:11:27 INFO  Main:374: 0012-RGC(27/81L)(nieve) está repostando 54 litros.
20-06-2024 18:11:27 INFO  Main:374: 0016-QQS(3/115L)(soleado) está en la cola del tramo 2
20-06-2024 18:11:27 INFO  Main:374: 0038-BTN(39/125L)(nieve) es creado en el parking
20-06-2024 18:11:27 INFO  Main:374: CC-0011 está llenando la gasolinera con 748 litros.
20-06-2024 18:11:27 INFO  Main:374: 0017-FQG(48/114L)(soleado) está en la cola del tramo 3
20-06-2024 18:11:28 INFO  Main:374: 0010-JCM(26/107L)(soleado) accede al sector 4 del tramo 1 (clima:soleado)
20-06-2024 18:11:28 INFO  Main:374: CC-0026(824/1000L) ha llenado su tanque en la ciudad
20-06-2024 18:11:28 INFO  Main:374: 0039-SCN(25/123L)(lluvia) es creado en el parking
20-06-2024 18:11:28 INFO  Main:374: 0003-TMJ(44/75L)(lluvia) accede al sector 3 del tramo 3 (clima:soleado)
20-06-2024 18:11:28 INFO  Main:374: 0004-XHW(65/107L)(soleado) accede al sector 2 del tramo 1 (clima:soleado)
20-06-2024 18:11:30 INFO  Main:374: 0022-GCL(44/78L)(soleado) accede al sector 2 del tramo 1 (clima:soleado)
20-06-2024 18:11:30 INFO  Main:374: 0016-QQS(3/115L)(soleado) accede al sector 1 del tramo 2 (clima:soleado)
20-06-2024 18:11:30 INFO  Main:374: 0040-LLN(34/129L)(lluvia) es creado en el parking
20-06-2024 18:11:31 INFO  Main:374: CC-0027(780/1000L) ha llenado su tanque en la ciudad
20-06-2024 18:11:32 INFO  Main:374: 0006-MYB(36/81L)(nieve) está repostando 39 litros.
20-06-2024 18:11:32 INFO  Main:374: 0012-RGC(54/81L)(nieve) está en la cola del tramo 2
20-06-2024 18:11:32 INFO  Main:374: 0041-TWN(44/75L)(lluvia) es creado en el parking
20-06-2024 18:11:32 INFO  Main:374: 0009-VDJ(65/101L)(lluvia) accede al sector 3 del tramo 3 (clima:soleado)
20-06-2024 18:11:32 INFO  Main:374: 0002-QDP(67/124L)(soleado) accede al sector 3 del tramo 2 (clima:soleado)
20-06-2024 18:11:33 INFO  Main:374: CC-0023(616/1000L) esta descansando en el parking
20-06-2024 18:11:33 INFO  Main:374: 0042-CRG(31/105L)(nieve) es creado en el parking
20-06-2024 18:11:34 INFO  Main:374: CC-0028(738/1000L) ha llenado su tanque en la ciudad
20-06-2024 18:11:34 INFO  Main:374: 0043-JSQ(32/121L)(lluvia) es creado en el parking
20-06-2024 18:11:34 INFO  Main:374: 0016-QQS(3/115L)(soleado) accede al sector 2 del tramo 2 (clima:soleado)
20-06-2024 18:11:34 INFO  Main:374: 0012-RGC(54/81L)(nieve) accede al sector 1 del tramo 2 (clima:soleado)
20-06-2024 18:11:35 INFO  Main:374: 0022-GCL(44/78L)(soleado) accede al sector 3 del tramo 1 (clima:soleado)
20-06-2024 18:11:35 INFO  Main:374: CC-0025(732/1000L) esta descansando en el parking
20-06-2024 18:11:35 INFO  Main:374: 0025-JPC(42/76L)(lluvia) accede al sector 2 del tramo 4 (clima:soleado)
20-06-2024 18:11:36 INFO  Main:374: 0013-HHG(39/87L)(nieve) accede al sector 2 del tramo 3 (clima:soleado)
20-06-2024 18:11:36 INFO  Main:374: CC-0024(530/1000L) esta descansando en el parking
20-06-2024 18:11:36 INFO  Main:374: CC-0016(752/1000L) esta cruzando el puente en direccion true
20-06-2024 18:11:36 INFO  Main:374: 0032-WRX(41/96L)(soleado) esta cruzando el puente en direccion true
20-06-2024 18:11:36 INFO  Main:374: 0034-KPT(38/113L)(lluvia) esta cruzando el puente en direccion true
20-06-2024 18:11:36 INFO  Main:374: CC-0020(645/1000L) esta cruzando el puente en direccion true
20-06-2024 18:11:36 INFO  Main:374: 0038-BTN(39/125L)(nieve) esta cruzando el puente en direccion true
20-06-2024 18:11:36 INFO  Main:374: CC-0018(568/1000L) esta cruzando el puente en direccion true
20-06-2024 18:11:36 INFO  Main:374: 0030-PSJ(36/86L)(soleado) esta cruzando el puente en direccion true
20-06-2024 18:11:36 INFO  Main:374: 0028-RRW(30/126L)(nieve) esta cruzando el puente en direccion true
20-06-2024 18:11:36 INFO  Main:374: CC-0022(623/1000L) esta cruzando el puente en direccion true
20-06-2024 18:11:36 INFO  Main:374: 0036-MWP(29/103L)(lluvia) esta cruzando el puente en direccion true
20-06-2024 18:11:36 INFO  Main:374: 0044-JYC(29/92L)(lluvia) es creado en el parking
20-06-2024 18:11:36 INFO  Main:374: CC-0007 está llenando la gasolinera con 805 litros.
20-06-2024 18:11:37 INFO  Main:374: CC-0006 está llenando la gasolinera con 645 litros.
20-06-2024 18:11:37 INFO  Main:374: 0006-MYB(39/81L)(nieve) está en la cola del tramo 2
20-06-2024 18:11:37 INFO  Main:374: 0045-YDF(47/82L)(soleado) es creado en el parking
20-06-2024 18:11:37 INFO  Main:374: 0011-SNY(47/79L)(nieve) accede al sector 3 del tramo 4 (clima:soleado)
20-06-2024 18:11:38 INFO  Main:374: CC-0029(657/1000L) ha llenado su tanque en la ciudad
20-06-2024 18:11:38 INFO  Main:374: 0046-VGG(34/128L)(lluvia) es creado en el parking
20-06-2024 18:11:38 INFO  Main:374: 0004-XHW(65/107L)(soleado) accede al sector 3 del tramo 1 (clima:soleado)
20-06-2024 18:11:38 INFO  Main:374: 0002-QDP(67/124L)(soleado) accede al sector 4 del tramo 2 (clima:soleado)
20-06-2024 18:11:39 INFO  Main:374: CC-0026(824/1000L) esta descansando en el parking
20-06-2024 18:11:39 INFO  Main:374: 0016-QQS(3/115L)(soleado) accede al sector 3 del tramo 2 (clima:soleado)
20-06-2024 18:11:40 INFO  Main:374: 0005-BCK(16/85L)(lluvia) accede al sector 3 del tramo 3 (clima:soleado)
20-06-2024 18:11:41 INFO  Main:374: 0047-HPP(39/75L)(nieve) es creado en el parking
20-06-2024 18:11:41 INFO  Main:374: 0020-KRS(41/76L)(nieve) accede al sector 2 del tramo 2 (clima:soleado)
20-06-2024 18:11:42 INFO  Main:374: CC-0030(924/1000L) ha llenado su tanque en la ciudad
20-06-2024 18:11:42 INFO  Main:374: CC-0010 está llenando la gasolinera con 574 litros.
20-06-2024 18:11:42 INFO  Main:374: 0004-XHW(65/107L)(soleado) accede al sector 4 del tramo 1 (clima:soleado)
20-06-2024 18:11:43 INFO  Main:374: 0048-STS(27/107L)(lluvia) es creado en el parking
20-06-2024 18:11:43 INFO  Main:374: 0014-BVD(11/118L)(nieve) accede al sector 2 del tramo 1 (clima:soleado)
20-06-2024 18:11:44 INFO  Main:374: 0022-GCL(44/78L)(soleado) accede al sector 4 del tramo 1 (clima:soleado)
20-06-2024 18:11:44 INFO  Main:374: CC-0031(879/1000L) ha llenado su tanque en la ciudad
20-06-2024 18:11:45 INFO  Main:374: CC-0028(738/1000L) esta descansando en el parking
20-06-2024 18:11:45 INFO  Main:374: CC-0013 está llenando la gasolinera con 919 litros.
20-06-2024 18:11:46 INFO  Main:374: 0016-QQS(3/115L)(soleado) accede al sector 4 del tramo 2 (clima:soleado)
20-06-2024 18:11:46 INFO  Main:374: CC-0027(780/1000L) esta descansando en el parking
20-06-2024 18:11:46 INFO  Main:374: 0049-QWV(43/115L)(nieve) es creado en el parking
20-06-2024 18:11:47 INFO  Main:374: 0050-LZW(46/128L)(nieve) es creado en el parking
20-06-2024 18:11:48 INFO  Main:374: CC-0029(657/1000L) esta descansando en el parking
20-06-2024 18:11:48 INFO  Main:374: CC-0032(786/1000L) ha llenado su tanque en la ciudad
20-06-2024 18:11:48 INFO  Main:374: CC-0012 está llenando la gasolinera con 912 litros.
20-06-2024 18:11:48 INFO  Main:374: 0025-JPC(42/76L)(lluvia) accede al sector 3 del tramo 4 (clima:soleado)
20-06-2024 18:11:50 INFO  Main:374: 0006-MYB(39/81L)(nieve) accede al sector 1 del tramo 2 (clima:soleado)
20-06-2024 18:11:50 INFO  Main:374: 0051-QWC(44/117L)(nieve) es creado en el parking
20-06-2024 18:11:50 INFO  Main:374: 0009-VDJ(65/101L)(lluvia) accede al sector 4 del tramo 3 (clima:soleado)
20-06-2024 18:11:51 INFO  Main:374: CC-0033(520/1000L) ha llenado su tanque en la ciudad
20-06-2024 18:11:52 INFO  Main:374: 0052-XSX(33/79L)(lluvia) es creado en el parking
20-06-2024 18:11:53 INFO  Main:374: CC-0030(924/1000L) esta descansando en el parking
20-06-2024 18:11:53 INFO  Main:374: 0024-JCM(32/122L)(nieve) está repostando 24 litros.
20-06-2024 18:11:53 INFO  Main:374: 0023-ZJS(26/86L)(soleado) está repostando 42 litros.
20-06-2024 18:11:54 INFO  Main:374: CC-0034(768/1000L) ha llenado su tanque en la ciudad
20-06-2024 18:11:54 INFO  Main:374: 0053-VCN(25/89L)(soleado) es creado en el parking
20-06-2024 18:11:55 INFO  Main:374: 0054-XPC(34/85L)(lluvia) es creado en el parking
20-06-2024 18:11:55 INFO  Main:374: 0011-SNY(47/79L)(nieve) accede al sector 4 del tramo 4 (clima:soleado)
20-06-2024 18:11:56 INFO  Main:374: CC-0008 está llenando la gasolinera con 862 litros.
20-06-2024 18:11:56 INFO  Main:374: 0024-JCM(24/122L)(nieve) está en la cola del tramo 1
20-06-2024 18:11:56 INFO  Main:374: CC-0009 está llenando la gasolinera con 890 litros.
20-06-2024 18:11:56 INFO  Main:374: 0023-ZJS(42/86L)(soleado) está en la cola del tramo 3
20-06-2024 18:11:57 INFO  Main:374: 0003-TMJ(44/75L)(lluvia) accede al sector 4 del tramo 3 (clima:soleado)
20-06-2024 18:11:57 INFO  Main:374: CC-0031(879/1000L) esta descansando en el parking
20-06-2024 18:11:57 INFO  Main:374: CC-0035(591/1000L) ha llenado su tanque en la ciudad
20-06-2024 18:11:58 INFO  Main:374: 0055-ZCS(25/88L)(nieve) es creado en el parking
20-06-2024 18:11:58 INFO  Main:374: 0013-HHG(39/87L)(nieve) accede al sector 3 del tramo 3 (clima:soleado)
20-06-2024 18:11:58 INFO  Main:374: 0024-JCM(24/122L)(nieve) accede al sector 1 del tramo 1 (clima:soleado)
20-06-2024 18:11:58 INFO  Main:374: 0020-KRS(41/76L)(nieve) accede al sector 3 del tramo 2 (clima:soleado)
20-06-2024 18:11:59 INFO  Main:374: CC-0032(786/1000L) esta descansando en el parking
20-06-2024 18:12:01 INFO  Main:374: CC-0036(758/1000L) ha llenado su tanque en la ciudad
20-06-2024 18:12:01 INFO  Main:374: 0056-VDK(35/79L)(lluvia) es creado en el parking
20-06-2024 18:12:02 INFO  Main:374: CC-0033(520/1000L) esta descansando en el parking
20-06-2024 18:12:02 INFO  Main:374: 0018-QTZ(41/104L)(nieve) está repostando 61 litros.
20-06-2024 18:12:02 INFO  Main:374: 0040-LLN(34/129L)(lluvia) esta cruzando el puente en direccion true
20-06-2024 18:12:02 INFO  Main:374: 0044-JYC(29/92L)(lluvia) esta cruzando el puente en direccion true
20-06-2024 18:12:02 INFO  Main:374: CC-0024(530/1000L) esta cruzando el puente en direccion true
20-06-2024 18:12:02 INFO  Main:374: CC-0026(824/1000L) esta cruzando el puente en direccion true
20-06-2024 18:12:02 INFO  Main:374: 0042-CRG(31/105L)(nieve) esta cruzando el puente en direccion true
20-06-2024 18:12:02 INFO  Main:374: 0048-STS(27/107L)(lluvia) esta cruzando el puente en direccion true
20-06-2024 18:12:02 INFO  Main:374: 0046-VGG(34/128L)(lluvia) esta cruzando el puente en direccion true
20-06-2024 18:12:02 INFO  Main:374: 0050-LZW(46/128L)(nieve) esta cruzando el puente en direccion true
20-06-2024 18:12:02 INFO  Main:374: CC-0028(738/1000L) esta cruzando el puente en direccion true
20-06-2024 18:12:02 INFO  Main:374: 0052-XSX(33/79L)(lluvia) esta cruzando el puente en direccion true
20-06-2024 18:12:02 INFO  Main:374: 0019-FPZ(48/103L)(lluvia) está repostando 4 litros.
20-06-2024 18:12:02 INFO  Main:374: 0012-RGC(54/81L)(nieve) accede al sector 2 del tramo 2 (clima:soleado)
20-06-2024 18:12:04 INFO  Main:374: 0057-LKN(33/82L)(nieve) es creado en el parking
20-06-2024 18:12:05 INFO  Main:374: CC-0037(755/1000L) ha llenado su tanque en la ciudad
20-06-2024 18:12:06 INFO  Main:374: 0058-SSZ(39/77L)(soleado) es creado en el parking
20-06-2024 18:12:06 INFO  Main:374: 0015-RJN(30/108L)(nieve) está repostando 44 litros.
20-06-2024 18:12:06 INFO  Main:374: 0019-FPZ(4/103L)(lluvia) está en la cola del tramo 3
20-06-2024 18:12:07 INFO  Main:374: CC-0034(768/1000L) esta descansando en el parking
20-06-2024 18:12:07 INFO  Main:374: CC-0014 está llenando la gasolinera con 546 litros.
20-06-2024 18:12:07 INFO  Main:374: 0018-QTZ(61/104L)(nieve) está en la cola del tramo 1
20-06-2024 18:12:07 INFO  Main:374: CC-0038(817/1000L) ha llenado su tanque en la ciudad
20-06-2024 18:12:08 INFO  Main:374: 0001-QHQ(32/77L)(nieve) accede al sector 1 del tramo 3 (clima:soleado)
20-06-2024 18:12:08 INFO  Main:374: 0059-MDM(36/90L)(nieve) es creado en el parking
20-06-2024 18:12:08 INFO  Main:374: 0018-QTZ(61/104L)(nieve) accede al sector 1 del tramo 1 (clima:soleado)
20-06-2024 18:12:10 INFO  Main:374: 0005-BCK(16/85L)(lluvia) accede al sector 4 del tramo 3 (clima:soleado)
20-06-2024 18:12:10 INFO  Main:374: CC-0035(591/1000L) esta descansando en el parking
20-06-2024 18:12:10 INFO  Main:374: CC-0039(899/1000L) ha llenado su tanque en la ciudad
20-06-2024 18:12:10 INFO  Main:374: 0060-KYW(37/83L)(lluvia) es creado en el parking
20-06-2024 18:12:10 INFO  Main:374: 0021-JFT(39/88L)(lluvia) está repostando 43 litros.
20-06-2024 18:12:10 INFO  Main:374: 0015-RJN(44/108L)(nieve) está en la cola del tramo 3
20-06-2024 18:12:10 INFO  Main:374: 0025-JPC(42/76L)(lluvia) accede al sector 4 del tramo 4 (clima:soleado)
20-06-2024 18:12:12 INFO  Main:374: 0014-BVD(11/118L)(nieve) accede al sector 3 del tramo 1 (clima:soleado)
20-06-2024 18:12:12 INFO  Main:374: CC-0040(955/1000L) ha llenado su tanque en la ciudad
20-06-2024 18:12:12 INFO  Main:374: 0020-KRS(41/76L)(nieve) accede al sector 4 del tramo 2 (clima:soleado)
20-06-2024 18:12:13 INFO  Main:374: 0061-KZW(39/84L)(lluvia) es creado en el parking
20-06-2024 18:12:14 INFO  Main:374: CC-0037(755/1000L) esta descansando en el parking
20-06-2024 18:12:15 INFO  Main:374: CC-0005(751/1000L) esta cruzando el puente en direccion false
20-06-2024 18:12:15 INFO  Main:374: CC-0003(622/1000L) esta cruzando el puente en direccion false
20-06-2024 18:12:15 INFO  Main:374: CC-0001(771/1000L) esta cruzando el puente en direccion false
20-06-2024 18:12:15 INFO  Main:374: 0011-SNY(47/79L)(nieve) esta cruzando el puente en direccion false
20-06-2024 18:12:15 INFO  Main:374: 0009-VDJ(65/101L)(lluvia) esta cruzando el puente en direccion false
20-06-2024 18:12:15 INFO  Main:374: CC-0009(890/1000L) esta cruzando el puente en direccion false
20-06-2024 18:12:15 INFO  Main:374: 0007-HDG(38/75L)(soleado) esta cruzando el puente en direccion false
20-06-2024 18:12:15 INFO  Main:374: CC-0013(919/1000L) esta cruzando el puente en direccion false
20-06-2024 18:12:15 INFO  Main:374: CC-0007(805/1000L) esta cruzando el puente en direccion false
20-06-2024 18:12:15 INFO  Main:374: CC-0011(748/1000L) esta cruzando el puente en direccion false
20-06-2024 18:12:15 INFO  Main:374: CC-0036(758/1000L) esta descansando en el parking
20-06-2024 18:12:15 INFO  Main:374: 0026-HDS(27/79L)(nieve) está repostando 25 litros.
20-06-2024 18:12:15 INFO  Main:374: 0062-NSS(35/123L)(soleado) es creado en el parking
20-06-2024 18:12:15 INFO  Main:374: 0021-JFT(43/88L)(lluvia) está en la cola del tramo 4
20-06-2024 18:12:16 INFO  Main:374: CC-0041(632/1000L) ha llenado su tanque en la ciudad
20-06-2024 18:12:16 INFO  Main:374: CC-0038(817/1000L) esta descansando en el parking
20-06-2024 18:12:17 INFO  Main:374: 0063-XYC(39/97L)(nieve) es creado en el parking
20-06-2024 18:12:18 INFO  Main:374: 0021-JFT(43/88L)(lluvia) accede al sector 1 del tramo 4 (clima:soleado)
20-06-2024 18:12:18 INFO  Main:374: 0017-FQG(48/114L)(soleado) accede al sector 1 del tramo 3 (clima:soleado)
20-06-2024 18:12:18 INFO  Main:374: 0006-MYB(39/81L)(nieve) accede al sector 2 del tramo 2 (clima:soleado)
20-06-2024 18:12:18 INFO  Main:374: 0064-FWP(33/100L)(soleado) es creado en el parking
20-06-2024 18:12:18 INFO  Main:374: 0013-HHG(39/87L)(nieve) accede al sector 4 del tramo 3 (clima:soleado)
20-06-2024 18:12:19 INFO  Main:374: CC-0016 está llenando la gasolinera con 752 litros.
20-06-2024 18:12:19 INFO  Main:374: 0026-HDS(25/79L)(nieve) está en la cola del tramo 1
20-06-2024 18:12:19 INFO  Main:374: 0065-LVL(32/128L)(soleado) es creado en el parking
20-06-2024 18:12:20 INFO  Main:374: CC-0027(780/1000L) esta cruzando el puente en direccion true
20-06-2024 18:12:20 INFO  Main:374: 0055-ZCS(25/88L)(nieve) esta cruzando el puente en direccion true
20-06-2024 18:12:20 INFO  Main:374: CC-0033(520/1000L) esta cruzando el puente en direccion true
20-06-2024 18:12:20 INFO  Main:374: 0053-VCN(25/89L)(soleado) esta cruzando el puente en direccion true
20-06-2024 18:12:20 INFO  Main:374: 0051-QWC(44/117L)(nieve) esta cruzando el puente en direccion true
20-06-2024 18:12:20 INFO  Main:374: CC-0029(657/1000L) esta cruzando el puente en direccion true
20-06-2024 18:12:20 INFO  Main:374: 0057-LKN(33/82L)(nieve) esta cruzando el puente en direccion true
20-06-2024 18:12:20 INFO  Main:374: 0059-MDM(36/90L)(nieve) esta cruzando el puente en direccion true
20-06-2024 18:12:20 INFO  Main:374: 0027-XYZ(42/84L)(nieve) esta cruzando el puente en direccion true
20-06-2024 18:12:20 INFO  Main:374: CC-0031(879/1000L) esta cruzando el puente en direccion true
20-06-2024 18:12:20 INFO  Main:374: CC-0042(950/1000L) ha llenado su tanque en la ciudad
20-06-2024 18:12:20 INFO  Main:374: 0066-RPQ(28/111L)(soleado) es creado en el parking
20-06-2024 18:12:21 INFO  Main:374: CC-0039(899/1000L) esta descansando en el parking
20-06-2024 18:12:21 INFO  Main:374: 0024-JCM(24/122L)(nieve) accede al sector 2 del tramo 1 (clima:soleado)
20-06-2024 18:12:22 INFO  Main:374: 0026-HDS(25/79L)(nieve) accede al sector 1 del tramo 1 (clima:soleado)
20-06-2024 18:12:22 INFO  Main:374: CC-0043(927/1000L) ha llenado su tanque en la ciudad
20-06-2024 18:12:23 INFO  Main:374: CC-0009(890/1000L) esta descansando en el parking
20-06-2024 18:12:23 INFO  Main:374: CC-0007(805/1000L) esta descansando en el parking
20-06-2024 18:12:23 INFO  Main:374: CC-0013(919/1000L) esta descansando en el parking
20-06-2024 18:12:23 INFO  Main:374: CC-0040(955/1000L) esta descansando en el parking
20-06-2024 18:12:23 INFO  Main:374: 0067-VZV(38/105L)(nieve) es creado en el parking
20-06-2024 18:12:24 INFO  Main:374: CC-0001(771/1000L) esta descansando en el parking
20-06-2024 18:12:24 INFO  Main:374: CC-0005(751/1000L) esta descansando en el parking
20-06-2024 18:12:24 INFO  Main:374: 0011-SNY(47/79L)(nieve) esta descansando en el parking
20-06-2024 18:12:24 INFO  Main:374: CC-0003(622/1000L) esta descansando en el parking
20-06-2024 18:12:24 INFO  Main:374: 0009-VDJ(65/101L)(lluvia) esta descansando en el parking
20-06-2024 18:12:24 INFO  Main:374: CC-0041(632/1000L) esta descansando en el parking
20-06-2024 18:12:25 INFO  Main:374: 0007-HDG(38/75L)(soleado) esta descansando en el parking
20-06-2024 18:12:25 INFO  Main:374: CC-0021(777/1000L) esta cruzando el puente en direccion true
20-06-2024 18:12:25 INFO  Main:374: 0049-QWV(43/115L)(nieve) esta cruzando el puente en direccion true
20-06-2024 18:12:25 INFO  Main:374: 0047-HPP(39/75L)(nieve) esta cruzando el puente en direccion true
20-06-2024 18:12:25 INFO  Main:374: 0045-YDF(47/82L)(soleado) esta cruzando el puente en direccion true
20-06-2024 18:12:25 INFO  Main:374: CC-0025(732/1000L) esta cruzando el puente en direccion true
20-06-2024 18:12:25 INFO  Main:374: 0043-JSQ(32/121L)(lluvia) esta cruzando el puente en direccion true
20-06-2024 18:12:25 INFO  Main:374: 0041-TWN(44/75L)(lluvia) esta cruzando el puente en direccion true
20-06-2024 18:12:25 INFO  Main:374: CC-0023(616/1000L) esta cruzando el puente en direccion true
20-06-2024 18:12:25 INFO  Main:374: 0037-CNM(29/89L)(soleado) esta cruzando el puente en direccion true
20-06-2024 18:12:25 INFO  Main:374: 0039-SCN(25/123L)(lluvia) esta cruzando el puente en direccion true
20-06-2024 18:12:25 INFO  Main:374: CC-0011(748/1000L) esta descansando en el parking
20-06-2024 18:12:25 INFO  Main:374: 0068-KXS(42/93L)(lluvia) es creado en el parking
20-06-2024 18:12:26 INFO  Main:374: CC-0044(618/1000L) ha llenado su tanque en la ciudad
20-06-2024 18:12:26 INFO  Main:374: 0032-WRX(41/96L)(soleado) está repostando 15 litros.
20-06-2024 18:12:26 INFO  Main:374: CC-0030(924/1000L) esta cruzando el puente en direccion true
20-06-2024 18:12:26 INFO  Main:374: CC-0036(758/1000L) esta cruzando el puente en direccion true
20-06-2024 18:12:26 INFO  Main:374: 0062-NSS(35/123L)(soleado) esta cruzando el puente en direccion true
20-06-2024 18:12:26 INFO  Main:374: 0054-XPC(34/85L)(lluvia) esta cruzando el puente en direccion true
20-06-2024 18:12:26 INFO  Main:374: 0060-KYW(37/83L)(lluvia) esta cruzando el puente en direccion true
20-06-2024 18:12:26 INFO  Main:374: CC-0034(768/1000L) esta cruzando el puente en direccion true
20-06-2024 18:12:26 INFO  Main:374: 0058-SSZ(39/77L)(soleado) esta cruzando el puente en direccion true
20-06-2024 18:12:26 INFO  Main:374: 0056-VDK(35/79L)(lluvia) esta cruzando el puente en direccion true
20-06-2024 18:12:26 INFO  Main:374: CC-0032(786/1000L) esta cruzando el puente en direccion true
20-06-2024 18:12:26 INFO  Main:374: CC-0038(817/1000L) esta cruzando el puente en direccion true
20-06-2024 18:12:26 INFO  Main:374: 0017-FQG(48/114L)(soleado) accede al sector 2 del tramo 3 (clima:soleado)
20-06-2024 18:12:27 INFO  Main:374: 0069-DDJ(48/103L)(nieve) es creado en el parking
20-06-2024 18:12:28 INFO  Main:374: 0012-RGC(54/81L)(nieve) accede al sector 3 del tramo 2 (clima:soleado)
20-06-2024 18:12:28 INFO  Main:374: CC-0029 está llenando la gasolinera con 657 litros.
20-06-2024 18:12:29 INFO  Main:374: 0027-XYZ(42/84L)(nieve) está en la cola del tramo 3
20-06-2024 18:12:29 INFO  Main:374: 0001-QHQ(32/77L)(nieve) accede al sector 2 del tramo 3 (clima:soleado)
20-06-2024 18:12:29 INFO  Main:374: CC-0045(586/1000L) ha llenado su tanque en la ciudad
20-06-2024 18:12:29 INFO  Main:374: CC-0020 está llenando la gasolinera con 645 litros.
20-06-2024 18:12:29 INFO  Main:374: 0032-WRX(15/96L)(soleado) está en la cola del tramo 2
20-06-2024 18:12:30 INFO  Main:374: CC-0037(755/1000L) esta cruzando el puente en direccion true
20-06-2024 18:12:30 INFO  Main:374: 0035-FGP(37/83L)(nieve) esta cruzando el puente en direccion true
20-06-2024 18:12:30 INFO  Main:374: CC-0019(882/1000L) esta cruzando el puente en direccion true
20-06-2024 18:12:30 INFO  Main:374: 0033-HNC(37/116L)(soleado) esta cruzando el puente en direccion true
20-06-2024 18:12:30 INFO  Main:374: 0031-YBN(39/125L)(lluvia) esta cruzando el puente en direccion true
20-06-2024 18:12:30 INFO  Main:374: CC-0017(666/1000L) esta cruzando el puente en direccion true
20-06-2024 18:12:30 INFO  Main:374: 0029-YZX(38/82L)(soleado) esta cruzando el puente en direccion true
20-06-2024 18:12:30 INFO  Main:374: CC-0015(801/1000L) esta cruzando el puente en direccion true
20-06-2024 18:12:30 INFO  Main:374: CC-0035(591/1000L) esta cruzando el puente en direccion true
20-06-2024 18:12:30 INFO  Main:374: 0061-KZW(39/84L)(lluvia) esta cruzando el puente en direccion true
20-06-2024 18:12:30 INFO  Main:374: CC-0043(927/1000L) esta descansando en el parking
20-06-2024 18:12:30 INFO  Main:374: 0070-MXK(29/80L)(lluvia) es creado en el parking
20-06-2024 18:12:31 INFO  Main:374: CC-0042(950/1000L) esta descansando en el parking
20-06-2024 18:12:31 INFO  Main:374: 0032-WRX(15/96L)(soleado) accede al sector 1 del tramo 2 (clima:soleado)
20-06-2024 18:12:32 INFO  Main:374: CC-0005(753/1000L) ha llenado su tanque en la ciudad
20-06-2024 18:12:32 INFO  Main:374: 0019-FPZ(4/103L)(lluvia) accede al sector 1 del tramo 3 (clima:soleado)
20-06-2024 18:12:32 INFO  Main:374: 0023-ZJS(42/86L)(soleado) accede al sector 1 del tramo 3 (clima:soleado)
20-06-2024 18:12:33 INFO  Main:374: CC-0013(591/1000L) ha llenado su tanque en la ciudad
20-06-2024 18:12:33 INFO  Main:374: 0047-HPP(39/75L)(nieve) está en la cola del tramo 4
20-06-2024 18:12:33 INFO  Main:374: CC-0046(535/1000L) ha llenado su tanque en la ciudad
20-06-2024 18:12:33 INFO  Main:374: 0071-WVS(33/93L)(soleado) es creado en el parking
20-06-2024 18:12:33 INFO  Main:374: 0017-FQG(48/114L)(soleado) accede al sector 3 del tramo 3 (clima:soleado)
